Using pre-set license
Built from '2020.3/staging' branch; Version is '2020.3.28f1 (f5400f52e03f) revision 16072719'; Using compiler version '192528614'; Build Type 'Release'
OS: 'Windows 10  (10.0.19044) 64bit Professional' Language: 'uk' Physical Memory: 11707 MB
BatchMode: 1, IsHumanControllingUs: 0, StartBugReporterOnCrash: 0, Is64bit: 1, IsPro: 0

COMMAND LINE ARGUMENTS:
D:\Programs\Unity Editor\2020.3.28f1\Editor\Unity.exe
-adb2
-batchMode
-noUpm
-name
AssetImportWorker0
-projectPath
D:/Unity projects/Platformer project
-logFile
Logs/AssetImportWorker0.log
-srvPort
53625
Successfully changed project path to: D:/Unity projects/Platformer project
D:/Unity projects/Platformer project
Using Asset Import Pipeline V2.
Refreshing native plugins compatible for Editor in 67.20 ms, found 2 plugins.
Preloading 0 native plugins for Editor in 0.00 ms.
Initialize engine version: 2020.3.28f1 (f5400f52e03f)
[Subsystems] Discovering subsystems at path D:/Programs/Unity Editor/2020.3.28f1/Editor/Data/Resources/UnitySubsystems
[Subsystems] Discovering subsystems at path D:/Unity projects/Platformer project/Assets
GfxDevice: creating device client; threaded=0
Direct3D:
    Version:  Direct3D 11.0 [level 11.0]
    Renderer: NVIDIA GeForce 940MX (ID=0x134d)
    Vendor:   
    VRAM:     2010 MB
    Driver:   30.0.15.1179
Initialize mono
Mono path[0] = 'D:/Programs/Unity Editor/2020.3.28f1/Editor/Data/Managed'
Mono path[1] = 'D:/Programs/Unity Editor/2020.3.28f1/Editor/Data/MonoBleedingEdge/lib/mono/unityjit'
Mono config path = 'D:/Programs/Unity Editor/2020.3.28f1/Editor/Data/MonoBleedingEdge/etc'
Using monoOptions --debugger-agent=transport=dt_socket,embedding=1,server=y,suspend=n,address=127.0.0.1:56988
Begin MonoManager ReloadAssembly
Registering precompiled unity dll's ...
Register platform support module: D:/Programs/Unity Editor/2020.3.28f1/Editor/Data/PlaybackEngines/WindowsStandaloneSupport/UnityEditor.WindowsStandalone.Extensions.dll
Registered in 0.002016 seconds.
Native extension for WindowsStandalone target not found
Refreshing native plugins compatible for Editor in 67.84 ms, found 2 plugins.
Preloading 0 native plugins for Editor in 0.00 ms.
Mono: successfully reloaded assembly
- Completed reload, in  1.089 seconds
Domain Reload Profiling:
	ReloadAssembly (1089ms)
		BeginReloadAssembly (117ms)
			ExecutionOrderSort (0ms)
			DisableScriptedObjects (0ms)
			BackupInstance (0ms)
			ReleaseScriptingObjects (0ms)
			CreateAndSetChildDomain (1ms)
		EndReloadAssembly (848ms)
			LoadAssemblies (115ms)
			RebuildTransferFunctionScriptingTraits (0ms)
			SetupTypeCache (278ms)
			ReleaseScriptCaches (0ms)
			RebuildScriptCaches (61ms)
			SetupLoadedEditorAssemblies (318ms)
				LogAssemblyErrors (0ms)
				InitializePlatformSupportModulesInManaged (8ms)
				SetLoadedEditorAssemblies (0ms)
				RefreshPlugins (68ms)
				BeforeProcessingInitializeOnLoad (33ms)
				ProcessInitializeOnLoadAttributes (154ms)
				ProcessInitializeOnLoadMethodAttributes (54ms)
				AfterProcessingInitializeOnLoad (0ms)
				EditorAssembliesLoaded (0ms)
			ExecutionOrderSort2 (0ms)
			AwakeInstancesAfterBackupRestoration (0ms)
Platform modules already initialized, skipping
Registering precompiled user dll's ...
Registered in 0.006766 seconds.
Begin MonoManager ReloadAssembly
Native extension for WindowsStandalone target not found
Refreshing native plugins compatible for Editor in 0.95 ms, found 2 plugins.
Preloading 0 native plugins for Editor in 0.00 ms.
Mono: successfully reloaded assembly
- Completed reload, in  2.457 seconds
Domain Reload Profiling:
	ReloadAssembly (2458ms)
		BeginReloadAssembly (387ms)
			ExecutionOrderSort (0ms)
			DisableScriptedObjects (9ms)
			BackupInstance (0ms)
			ReleaseScriptingObjects (0ms)
			CreateAndSetChildDomain (42ms)
		EndReloadAssembly (1960ms)
			LoadAssemblies (233ms)
			RebuildTransferFunctionScriptingTraits (0ms)
			SetupTypeCache (787ms)
			ReleaseScriptCaches (1ms)
			RebuildScriptCaches (76ms)
			SetupLoadedEditorAssemblies (668ms)
				LogAssemblyErrors (0ms)
				InitializePlatformSupportModulesInManaged (14ms)
				SetLoadedEditorAssemblies (1ms)
				RefreshPlugins (1ms)
				BeforeProcessingInitializeOnLoad (174ms)
				ProcessInitializeOnLoadAttributes (453ms)
				ProcessInitializeOnLoadMethodAttributes (16ms)
				AfterProcessingInitializeOnLoad (8ms)
				EditorAssembliesLoaded (0ms)
			ExecutionOrderSort2 (0ms)
			AwakeInstancesAfterBackupRestoration (12ms)
Platform modules already initialized, skipping
========================================================================
Worker process is ready to serve import requests
Launched and connected shader compiler UnityShaderCompiler.exe after 0.21 seconds
Refreshing native plugins compatible for Editor in 1.28 ms, found 2 plugins.
Preloading 0 native plugins for Editor in 0.00 ms.
Unloading 1510 Unused Serialized files (Serialized files now loaded: 0)
System memory in use before: 69.1 MB.
System memory in use after: 69.2 MB.

Unloading 19 unused Assets to reduce memory usage. Loaded Objects now: 1942.
Total: 4.530300 ms (FindLiveObjects: 0.200100 ms CreateObjectMapping: 0.078000 ms MarkObjects: 4.162200 ms  DeleteObjects: 0.088600 ms)

AssetImportParameters requested are different than current active one (requested -> active):
  custom:framework-win-MediaFoundation: 216162199b28c13a410421893ffa2e32 -> 
  custom:video-decoder-ogg-theora: a1e56fd34408186e4bbccfd4996cb3dc -> 
  custom:container-muxer-webm: aa71ff27fc2769a1b78a27578f13a17b -> 
  custom:container-demuxer-webm: 4f35f7cbe854078d1ac9338744f61a02 -> 
  custom:container-demuxer-ogg: 62fdf1f143b41e24485cea50d1cbac27 -> 
  custom:video-encoder-webm-vp8: eb34c28f22e8b96e1ab97ce403110664 -> 
  custom:video-codec-MediaFoundation-h265: e54d7ab0439102e2317fc1e4b246158d -> 
  custom:video-decoder-webm-vp8: 9c59270c3fd7afecdb556c50c9e8de78 -> 
  custom:audio-decoder-ogg-vorbis: bf7c407c2cedff20999df2af8eb42d56 -> 
  custom:audio-encoder-webm-vorbis: bf7c407c2cedff20999df2af8eb42d56 -> 
========================================================================
Received Import Request.
  path: Assets/Hero Knight - Pixel Art/Sprites/Background.png
  artifactKey: Guid(33dccf83b7f7f294992c97ebe1990464) Importer(815301076,1909f56bfc062723c751e8b465ee728b)
Start importing Assets/Hero Knight - Pixel Art/Sprites/Background.png using Guid(33dccf83b7f7f294992c97ebe1990464) Importer(815301076,1909f56bfc062723c751e8b465ee728b)  -> (artifact id: '2fa4ed18b793a738a027d7bedcef104e') in 0.192372 seconds 
  Import took 0.197767 seconds .

========================================================================
Received Import Request.
  Time since last request: 0.000329 seconds.
  path: Assets/Hero Knight - Pixel Art/Sprites/SlideDust.png
  artifactKey: Guid(7fb51a422c4a36e40b71b06331a74b11) Importer(815301076,1909f56bfc062723c751e8b465ee728b)
Start importing Assets/Hero Knight - Pixel Art/Sprites/SlideDust.png using Guid(7fb51a422c4a36e40b71b06331a74b11) Importer(815301076,1909f56bfc062723c751e8b465ee728b)  -> (artifact id: 'd8f75da35c636bc4684995737d09a339') in 0.091946 seconds 
  Import took 0.101034 seconds .

========================================================================
Received Import Request.
  Time since last request: 0.000314 seconds.
  path: Assets/Hero Knight - Pixel Art/Sprites/HeroKnight.png
  artifactKey: Guid(ae297123f091bbf4e8f1835eb98fb293) Importer(815301076,1909f56bfc062723c751e8b465ee728b)
Start importing Assets/Hero Knight - Pixel Art/Sprites/HeroKnight.png using Guid(ae297123f091bbf4e8f1835eb98fb293) Importer(815301076,1909f56bfc062723c751e8b465ee728b)  -> (artifact id: 'a4560d46a214e71de519e6582173c980') in 0.666065 seconds 
  Import took 0.671716 seconds .

========================================================================
Received Import Request.
  Time since last request: 0.000276 seconds.
  path: Assets/Hero Knight - Pixel Art/Sprites/BlockFlash.png
  artifactKey: Guid(a75445bb16444f14f96fdf9c734945cc) Importer(815301076,1909f56bfc062723c751e8b465ee728b)
Start importing Assets/Hero Knight - Pixel Art/Sprites/BlockFlash.png using Guid(a75445bb16444f14f96fdf9c734945cc) Importer(815301076,1909f56bfc062723c751e8b465ee728b)  -> (artifact id: '43157e888dd948b141d4fce974b30533') in 0.081369 seconds 
  Import took 0.086496 seconds .

========================================================================
Received Import Request.
  Time since last request: 0.000261 seconds.
  path: Assets/Hero Knight - Pixel Art/Sprites/HeroKnight_DeathNoBlood.png
  artifactKey: Guid(432e48af0c833ad4587d222b812b844f) Importer(815301076,1909f56bfc062723c751e8b465ee728b)
Start importing Assets/Hero Knight - Pixel Art/Sprites/HeroKnight_DeathNoBlood.png using Guid(432e48af0c833ad4587d222b812b844f) Importer(815301076,1909f56bfc062723c751e8b465ee728b)  -> (artifact id: '90a99dba5c03883884fdf1cc6ff6099d') in 0.092183 seconds 
  Import took 0.096349 seconds .

========================================================================
Received Import Request.
  Time since last request: 0.000344 seconds.
  path: Assets/Hero Knight - Pixel Art/Sprites
  artifactKey: Guid(e14e5185a32f9764587a60efb75130db) Importer(815301076,1909f56bfc062723c751e8b465ee728b)
Start importing Assets/Hero Knight - Pixel Art/Sprites using Guid(e14e5185a32f9764587a60efb75130db) Importer(815301076,1909f56bfc062723c751e8b465ee728b)  -> (artifact id: '12d5b7821bf0bcf90bd3f4a31d7264ba') in 0.003374 seconds 
  Import took 0.010855 seconds .

========================================================================
Received Import Request.
  Time since last request: 0.000456 seconds.
  path: Assets/Hero Knight - Pixel Art/Sprites/EnvironmentTiles.png
  artifactKey: Guid(f094595c900579d4c85a02612d8fa36c) Importer(815301076,1909f56bfc062723c751e8b465ee728b)
Start importing Assets/Hero Knight - Pixel Art/Sprites/EnvironmentTiles.png using Guid(f094595c900579d4c85a02612d8fa36c) Importer(815301076,1909f56bfc062723c751e8b465ee728b)  -> (artifact id: '77d6d3c93eac759a4f41739c5c26fb58') in 0.066747 seconds 
  Import took 0.077859 seconds .

========================================================================
Received Import Request.
  Time since last request: 0.000336 seconds.
  path: Assets/Hero Knight - Pixel Art
  artifactKey: Guid(0af5e0bf079eedf44be7fdf21c21d5f6) Importer(815301076,1909f56bfc062723c751e8b465ee728b)
Start importing Assets/Hero Knight - Pixel Art using Guid(0af5e0bf079eedf44be7fdf21c21d5f6) Importer(815301076,1909f56bfc062723c751e8b465ee728b)  -> (artifact id: '3e81b83537e62b5c45c4cfe9a4d0416c') in 0.013837 seconds 
  Import took 0.019568 seconds .

========================================================================
Received Import Request.
  Time since last request: 0.000187 seconds.
  path: Assets/Hero Knight - Pixel Art/Sprites/HeroKnight_BlockNoEffect.png
  artifactKey: Guid(d94b5c1ffa7794547b59105c8f561da3) Importer(815301076,1909f56bfc062723c751e8b465ee728b)
Start importing Assets/Hero Knight - Pixel Art/Sprites/HeroKnight_BlockNoEffect.png using Guid(d94b5c1ffa7794547b59105c8f561da3) Importer(815301076,1909f56bfc062723c751e8b465ee728b)  -> (artifact id: '6043f44adbdac4ac8b56fad77f4e632a') in 0.067971 seconds 
  Import took 0.076899 seconds .

========================================================================
Received Import Request.
  Time since last request: 320.123108 seconds.
  path: Assets/Gothicvania Swamp Artwork/Sprites
  artifactKey: Guid(55ddeca2542ec4cd89a833d9ce411bff) Importer(815301076,1909f56bfc062723c751e8b465ee728b)
Start importing Assets/Gothicvania Swamp Artwork/Sprites using Guid(55ddeca2542ec4cd89a833d9ce411bff) Importer(815301076,1909f56bfc062723c751e8b465ee728b)  -> (artifact id: '794ebf5af2335bb6835bde2336f9ecbc') in 0.014029 seconds 
  Import took 0.025396 seconds .

========================================================================
Received Import Request.
  Time since last request: 0.075779 seconds.
  path: Assets/Gothicvania Swamp Artwork/Sprites/thing1.png
  artifactKey: Guid(76fdbbd67e8984f79af950670c9297f7) Importer(815301076,1909f56bfc062723c751e8b465ee728b)
Start importing Assets/Gothicvania Swamp Artwork/Sprites/thing1.png using Guid(76fdbbd67e8984f79af950670c9297f7) Importer(815301076,1909f56bfc062723c751e8b465ee728b)  -> (artifact id: 'cd7435fc2dee870da8168cfb4fa447d0') in 0.385213 seconds 
  Import took 0.406351 seconds .

========================================================================
Received Import Request.
  Time since last request: 0.000605 seconds.
  path: Assets/Gothicvania Swamp Artwork/Sprites/thing3.png
  artifactKey: Guid(ecc24bd2f829c4d4ea395eaf017e62cb) Importer(815301076,1909f56bfc062723c751e8b465ee728b)
Start importing Assets/Gothicvania Swamp Artwork/Sprites/thing3.png using Guid(ecc24bd2f829c4d4ea395eaf017e62cb) Importer(815301076,1909f56bfc062723c751e8b465ee728b)  -> (artifact id: '6c9e34bd3bbf03426cb435721cd6fc97') in 0.113554 seconds 
  Import took 0.120908 seconds .

========================================================================
Received Import Request.
  Time since last request: 0.000329 seconds.
  path: Assets/Gothicvania Swamp Artwork/Sprites/thing4.png
  artifactKey: Guid(38f830dfb2d824196a327856266c7337) Importer(815301076,1909f56bfc062723c751e8b465ee728b)
Start importing Assets/Gothicvania Swamp Artwork/Sprites/thing4.png using Guid(38f830dfb2d824196a327856266c7337) Importer(815301076,1909f56bfc062723c751e8b465ee728b)  -> (artifact id: 'a801239a40ebd52ced4b0d78ebb5124b') in 0.077994 seconds 
  Import took 0.083991 seconds .

========================================================================
Received Import Request.
  Time since last request: 0.000383 seconds.
  path: Assets/Gothicvania Swamp Artwork/Sprites/thing2.png
  artifactKey: Guid(a41ab3b79addf43eca1b75a46687239f) Importer(815301076,1909f56bfc062723c751e8b465ee728b)
Start importing Assets/Gothicvania Swamp Artwork/Sprites/thing2.png using Guid(a41ab3b79addf43eca1b75a46687239f) Importer(815301076,1909f56bfc062723c751e8b465ee728b)  -> (artifact id: '40e6a836053e613592644bc401573b25') in 0.064820 seconds 
  Import took 0.073762 seconds .

========================================================================
Received Import Request.
  Time since last request: 4.944114 seconds.
  path: Assets/Gothicvania Swamp Artwork/Evironment
  artifactKey: Guid(b19a15ad53c1749709369b96b6987217) Importer(815301076,1909f56bfc062723c751e8b465ee728b)
Start importing Assets/Gothicvania Swamp Artwork/Evironment using Guid(b19a15ad53c1749709369b96b6987217) Importer(815301076,1909f56bfc062723c751e8b465ee728b)  -> (artifact id: 'f134f98d8623f11982d842fa392194cc') in 0.016733 seconds 
  Import took 0.023417 seconds .

========================================================================
Received Import Request.
  Time since last request: 0.063097 seconds.
  path: Assets/Gothicvania Swamp Artwork/Evironment/background.png
  artifactKey: Guid(d0da03481efb24844a48ad7fabce064f) Importer(815301076,1909f56bfc062723c751e8b465ee728b)
Start importing Assets/Gothicvania Swamp Artwork/Evironment/background.png using Guid(d0da03481efb24844a48ad7fabce064f) Importer(815301076,1909f56bfc062723c751e8b465ee728b)  -> (artifact id: '46faa23edc27c0e8ee8f62ccfb32a732') in 0.056861 seconds 
  Import took 0.063099 seconds .

========================================================================
Received Import Request.
  Time since last request: 0.000267 seconds.
  path: Assets/Gothicvania Swamp Artwork/Evironment/mid-layer-02.png
  artifactKey: Guid(1351a7cc14bc945e594079d9d75f6792) Importer(815301076,1909f56bfc062723c751e8b465ee728b)
Start importing Assets/Gothicvania Swamp Artwork/Evironment/mid-layer-02.png using Guid(1351a7cc14bc945e594079d9d75f6792) Importer(815301076,1909f56bfc062723c751e8b465ee728b)  -> (artifact id: 'c6e256d35faef5b02fc6c2be6596fb25') in 0.064542 seconds 
  Import took 0.068128 seconds .

========================================================================
Received Import Request.
  Time since last request: 0.000336 seconds.
  path: Assets/Gothicvania Swamp Artwork/Evironment/mid-layer-01.png
  artifactKey: Guid(74aaaef6316a24ac7a16c0004285d27f) Importer(815301076,1909f56bfc062723c751e8b465ee728b)
Start importing Assets/Gothicvania Swamp Artwork/Evironment/mid-layer-01.png using Guid(74aaaef6316a24ac7a16c0004285d27f) Importer(815301076,1909f56bfc062723c751e8b465ee728b)  -> (artifact id: 'bd17c1e24cdd1ff28a18c909340e5c5d') in 0.094071 seconds 
  Import took 0.099792 seconds .

========================================================================
Received Import Request.
  Time since last request: 0.000577 seconds.
  path: Assets/Gothicvania Swamp Artwork/Evironment/tileset.png
  artifactKey: Guid(e01068137fb4347f79b1b98f3518fb08) Importer(815301076,1909f56bfc062723c751e8b465ee728b)
Start importing Assets/Gothicvania Swamp Artwork/Evironment/tileset.png using Guid(e01068137fb4347f79b1b98f3518fb08) Importer(815301076,1909f56bfc062723c751e8b465ee728b)  -> (artifact id: 'cea09f1308242bcbb2eb26710146c107') in 0.102692 seconds 
  Import took 0.109090 seconds .

========================================================================
Received Import Request.
  Time since last request: 0.000423 seconds.
  path: Assets/Gothicvania Swamp Artwork/Evironment/trees.png
  artifactKey: Guid(a36e482a0b5584e5b9080bccd7305631) Importer(815301076,1909f56bfc062723c751e8b465ee728b)
Start importing Assets/Gothicvania Swamp Artwork/Evironment/trees.png using Guid(a36e482a0b5584e5b9080bccd7305631) Importer(815301076,1909f56bfc062723c751e8b465ee728b)  -> (artifact id: 'bf27133ef45aae5fbb2586f599ea269e') in 0.065329 seconds 
  Import took 0.070306 seconds .

========================================================================
Received Import Request.
  Time since last request: 142.089437 seconds.
  path: ProjectSettings/TagManager.asset
  artifactKey: Guid(00000000000000003000000000000000) Importer(815301076,1909f56bfc062723c751e8b465ee728b)
Start importing ProjectSettings/TagManager.asset using Guid(00000000000000003000000000000000) Importer(815301076,1909f56bfc062723c751e8b465ee728b)  -> (artifact id: 'ce6a35c3cddc746e7501c0bd0ed6d4ce') in 0.013098 seconds 
  Import took 0.019889 seconds .

========================================================================
Received Prepare
Registering precompiled user dll's ...
Registered in 5.320582 seconds.
Begin MonoManager ReloadAssembly
Native extension for WindowsStandalone target not found
Refreshing native plugins compatible for Editor in 0.49 ms, found 2 plugins.
Preloading 0 native plugins for Editor in 0.00 ms.
Mono: successfully reloaded assembly
- Completed reload, in  1.824 seconds
Domain Reload Profiling:
	ReloadAssembly (1825ms)
		BeginReloadAssembly (252ms)
			ExecutionOrderSort (0ms)
			DisableScriptedObjects (11ms)
			BackupInstance (0ms)
			ReleaseScriptingObjects (0ms)
			CreateAndSetChildDomain (71ms)
		EndReloadAssembly (1470ms)
			LoadAssemblies (194ms)
			RebuildTransferFunctionScriptingTraits (0ms)
			SetupTypeCache (529ms)
			ReleaseScriptCaches (1ms)
			RebuildScriptCaches (79ms)
			SetupLoadedEditorAssemblies (538ms)
				LogAssemblyErrors (0ms)
				InitializePlatformSupportModulesInManaged (7ms)
				SetLoadedEditorAssemblies (1ms)
				RefreshPlugins (1ms)
				BeforeProcessingInitializeOnLoad (127ms)
				ProcessInitializeOnLoadAttributes (382ms)
				ProcessInitializeOnLoadMethodAttributes (16ms)
				AfterProcessingInitializeOnLoad (4ms)
				EditorAssembliesLoaded (0ms)
			ExecutionOrderSort2 (0ms)
			AwakeInstancesAfterBackupRestoration (11ms)
Platform modules already initialized, skipping
Refreshing native plugins compatible for Editor in 0.83 ms, found 2 plugins.
Preloading 0 native plugins for Editor in 0.00 ms.
Unloading 1501 Unused Serialized files (Serialized files now loaded: 0)
System memory in use before: 71.8 MB.
System memory in use after: 71.9 MB.

Unloading 15 unused Assets to reduce memory usage. Loaded Objects now: 1974.
Total: 3.803300 ms (FindLiveObjects: 0.178100 ms CreateObjectMapping: 0.077500 ms MarkObjects: 3.514700 ms  DeleteObjects: 0.031700 ms)

AssetImportParameters requested are different than current active one (requested -> active):
  custom:framework-win-MediaFoundation: 216162199b28c13a410421893ffa2e32 -> 
  custom:video-decoder-ogg-theora: a1e56fd34408186e4bbccfd4996cb3dc -> 
  custom:container-muxer-webm: aa71ff27fc2769a1b78a27578f13a17b -> 
  custom:container-demuxer-webm: 4f35f7cbe854078d1ac9338744f61a02 -> 
  custom:container-demuxer-ogg: 62fdf1f143b41e24485cea50d1cbac27 -> 
  custom:video-encoder-webm-vp8: eb34c28f22e8b96e1ab97ce403110664 -> 
  custom:video-codec-MediaFoundation-h265: e54d7ab0439102e2317fc1e4b246158d -> 
  custom:video-decoder-webm-vp8: 9c59270c3fd7afecdb556c50c9e8de78 -> 
  custom:audio-decoder-ogg-vorbis: bf7c407c2cedff20999df2af8eb42d56 -> 
  custom:audio-encoder-webm-vorbis: bf7c407c2cedff20999df2af8eb42d56 -> 
========================================================================
Received Import Request.
  Time since last request: 164.239462 seconds.
  path: Assets/Scripts/PlayerController.cs
  artifactKey: Guid(31ac16452a3d7da41ac6579bffd0391b) Importer(815301076,1909f56bfc062723c751e8b465ee728b)
Start importing Assets/Scripts/PlayerController.cs using Guid(31ac16452a3d7da41ac6579bffd0391b) Importer(815301076,1909f56bfc062723c751e8b465ee728b)  -> (artifact id: 'cc7f1aeaafbe0cb73dbbe8375ac017ba') in 0.015337 seconds 
  Import took 0.020109 seconds .

========================================================================
Received Import Request.
  Time since last request: 52.055998 seconds.
  path: Assets/Scripts/PlayerController.cs
  artifactKey: Guid(31ac16452a3d7da41ac6579bffd0391b) Importer(815301076,1909f56bfc062723c751e8b465ee728b)
Start importing Assets/Scripts/PlayerController.cs using Guid(31ac16452a3d7da41ac6579bffd0391b) Importer(815301076,1909f56bfc062723c751e8b465ee728b)  -> (artifact id: '8dbe0a75f5f22d01cfa3ead7409f3b58') in 0.034698 seconds 
  Import took 0.054515 seconds .

========================================================================
Received Prepare
Registering precompiled user dll's ...
Registered in 0.012553 seconds.
Begin MonoManager ReloadAssembly
Native extension for WindowsStandalone target not found
Refreshing native plugins compatible for Editor in 0.52 ms, found 2 plugins.
Preloading 0 native plugins for Editor in 0.00 ms.
Mono: successfully reloaded assembly
- Completed reload, in  1.978 seconds
Domain Reload Profiling:
	ReloadAssembly (1978ms)
		BeginReloadAssembly (210ms)
			ExecutionOrderSort (0ms)
			DisableScriptedObjects (9ms)
			BackupInstance (0ms)
			ReleaseScriptingObjects (0ms)
			CreateAndSetChildDomain (64ms)
		EndReloadAssembly (1621ms)
			LoadAssemblies (188ms)
			RebuildTransferFunctionScriptingTraits (0ms)
			SetupTypeCache (722ms)
			ReleaseScriptCaches (1ms)
			RebuildScriptCaches (65ms)
			SetupLoadedEditorAssemblies (490ms)
				LogAssemblyErrors (0ms)
				InitializePlatformSupportModulesInManaged (7ms)
				SetLoadedEditorAssemblies (1ms)
				RefreshPlugins (1ms)
				BeforeProcessingInitializeOnLoad (127ms)
				ProcessInitializeOnLoadAttributes (335ms)
				ProcessInitializeOnLoadMethodAttributes (16ms)
				AfterProcessingInitializeOnLoad (4ms)
				EditorAssembliesLoaded (0ms)
			ExecutionOrderSort2 (0ms)
			AwakeInstancesAfterBackupRestoration (11ms)
Platform modules already initialized, skipping
Refreshing native plugins compatible for Editor in 0.51 ms, found 2 plugins.
Preloading 0 native plugins for Editor in 0.00 ms.
Unloading 1501 Unused Serialized files (Serialized files now loaded: 0)
System memory in use before: 71.9 MB.
System memory in use after: 72.0 MB.

Unloading 14 unused Assets to reduce memory usage. Loaded Objects now: 1976.
Total: 4.374800 ms (FindLiveObjects: 0.200300 ms CreateObjectMapping: 0.109400 ms MarkObjects: 4.030100 ms  DeleteObjects: 0.033400 ms)

AssetImportParameters requested are different than current active one (requested -> active):
  custom:framework-win-MediaFoundation: 216162199b28c13a410421893ffa2e32 -> 
  custom:video-decoder-ogg-theora: a1e56fd34408186e4bbccfd4996cb3dc -> 
  custom:container-muxer-webm: aa71ff27fc2769a1b78a27578f13a17b -> 
  custom:container-demuxer-webm: 4f35f7cbe854078d1ac9338744f61a02 -> 
  custom:container-demuxer-ogg: 62fdf1f143b41e24485cea50d1cbac27 -> 
  custom:video-encoder-webm-vp8: eb34c28f22e8b96e1ab97ce403110664 -> 
  custom:video-codec-MediaFoundation-h265: e54d7ab0439102e2317fc1e4b246158d -> 
  custom:video-decoder-webm-vp8: 9c59270c3fd7afecdb556c50c9e8de78 -> 
  custom:audio-decoder-ogg-vorbis: bf7c407c2cedff20999df2af8eb42d56 -> 
  custom:audio-encoder-webm-vorbis: bf7c407c2cedff20999df2af8eb42d56 -> 
========================================================================
Received Prepare
Registering precompiled user dll's ...
Registered in 0.006746 seconds.
Begin MonoManager ReloadAssembly
Native extension for WindowsStandalone target not found
Refreshing native plugins compatible for Editor in 0.83 ms, found 2 plugins.
Preloading 0 native plugins for Editor in 0.00 ms.
Mono: successfully reloaded assembly
- Completed reload, in  2.002 seconds
Domain Reload Profiling:
	ReloadAssembly (2006ms)
		BeginReloadAssembly (218ms)
			ExecutionOrderSort (0ms)
			DisableScriptedObjects (15ms)
			BackupInstance (0ms)
			ReleaseScriptingObjects (0ms)
			CreateAndSetChildDomain (67ms)
		EndReloadAssembly (1666ms)
			LoadAssemblies (165ms)
			RebuildTransferFunctionScriptingTraits (0ms)
			SetupTypeCache (502ms)
			ReleaseScriptCaches (1ms)
			RebuildScriptCaches (72ms)
			SetupLoadedEditorAssemblies (741ms)
				LogAssemblyErrors (0ms)
				InitializePlatformSupportModulesInManaged (14ms)
				SetLoadedEditorAssemblies (2ms)
				RefreshPlugins (1ms)
				BeforeProcessingInitializeOnLoad (171ms)
				ProcessInitializeOnLoadAttributes (512ms)
				ProcessInitializeOnLoadMethodAttributes (32ms)
				AfterProcessingInitializeOnLoad (8ms)
				EditorAssembliesLoaded (1ms)
			ExecutionOrderSort2 (0ms)
			AwakeInstancesAfterBackupRestoration (24ms)
Platform modules already initialized, skipping
Refreshing native plugins compatible for Editor in 0.53 ms, found 2 plugins.
Preloading 0 native plugins for Editor in 0.00 ms.
Unloading 1501 Unused Serialized files (Serialized files now loaded: 0)
System memory in use before: 71.9 MB.
System memory in use after: 72.0 MB.

Unloading 14 unused Assets to reduce memory usage. Loaded Objects now: 1978.
Total: 4.124100 ms (FindLiveObjects: 0.165600 ms CreateObjectMapping: 0.076100 ms MarkObjects: 3.853300 ms  DeleteObjects: 0.028100 ms)

AssetImportParameters requested are different than current active one (requested -> active):
  custom:framework-win-MediaFoundation: 216162199b28c13a410421893ffa2e32 -> 
  custom:video-decoder-ogg-theora: a1e56fd34408186e4bbccfd4996cb3dc -> 
  custom:container-muxer-webm: aa71ff27fc2769a1b78a27578f13a17b -> 
  custom:container-demuxer-webm: 4f35f7cbe854078d1ac9338744f61a02 -> 
  custom:container-demuxer-ogg: 62fdf1f143b41e24485cea50d1cbac27 -> 
  custom:video-encoder-webm-vp8: eb34c28f22e8b96e1ab97ce403110664 -> 
  custom:video-codec-MediaFoundation-h265: e54d7ab0439102e2317fc1e4b246158d -> 
  custom:video-decoder-webm-vp8: 9c59270c3fd7afecdb556c50c9e8de78 -> 
  custom:audio-decoder-ogg-vorbis: bf7c407c2cedff20999df2af8eb42d56 -> 
  custom:audio-encoder-webm-vorbis: bf7c407c2cedff20999df2af8eb42d56 -> 
========================================================================
Received Import Request.
  Time since last request: 195.854706 seconds.
  path: Assets/Prefabs
  artifactKey: Guid(a5b27b99163a10b41bc1d9e98c38fff2) Importer(815301076,1909f56bfc062723c751e8b465ee728b)
Start importing Assets/Prefabs using Guid(a5b27b99163a10b41bc1d9e98c38fff2) Importer(815301076,1909f56bfc062723c751e8b465ee728b)  -> (artifact id: 'dc12b169e785498b111db192b5fa6e11') in 0.016829 seconds 
  Import took 0.022222 seconds .

========================================================================
Received Import Request.
  Time since last request: 16.468728 seconds.
  path: Assets/Prefabs/MainHero.prefab
  artifactKey: Guid(27868821db2dc2a46bd098bb6a5f9a26) Importer(815301076,1909f56bfc062723c751e8b465ee728b)
Start importing Assets/Prefabs/MainHero.prefab using Guid(27868821db2dc2a46bd098bb6a5f9a26) Importer(815301076,1909f56bfc062723c751e8b465ee728b)  -> (artifact id: 'dc1541ad934581e07b428a1f989dec84') in 0.185113 seconds 
  Import took 0.193692 seconds .

AssetImportWorkerClient::OnTransportError - code=2 error=End of file
