Using pre-set license
Built from '2020.3/staging' branch; Version is '2020.3.28f1 (f5400f52e03f) revision 16072719'; Using compiler version '192528614'; Build Type 'Release'
<<<<<<< Updated upstream
OS: 'Windows 10  (10.0.19043) 64bit Professional' Language: 'ru' Physical Memory: 16307 MB
||||||| constructed merge base
OS: 'Windows 10  (10.0.19044) 64bit Professional' Language: 'uk' Physical Memory: 11707 MB
=======
OS: 'Windows 10  (10.0.19044) 64bit Professional' Language: 'en' Physical Memory: 16303 MB
>>>>>>> Stashed changes
BatchMode: 1, IsHumanControllingUs: 0, StartBugReporterOnCrash: 0, Is64bit: 1, IsPro: 0

COMMAND LINE ARGUMENTS:
<<<<<<< Updated upstream
D:\unityHUB\2020.3.28f1\Editor\Unity.exe
||||||| constructed merge base
D:\Programs\Unity Editor\2020.3.28f1\Editor\Unity.exe
=======
D:\Tools\UnityEditors\2020.3.28f1\Editor\Unity.exe
>>>>>>> Stashed changes
-adb2
-batchMode
-noUpm
-name
AssetImportWorker0
-projectPath
<<<<<<< Updated upstream
D:/фугас/Tom-dev-team-platformer-project
||||||| constructed merge base
D:/Unity projects/Platformer project
=======
D:/Projects/Tom-dev-team-platformer-project
>>>>>>> Stashed changes
-logFile
Logs/AssetImportWorker0.log
-srvPort
<<<<<<< Updated upstream
65027
Successfully changed project path to: D:/фугас/Tom-dev-team-platformer-project
D:/фугас/Tom-dev-team-platformer-project
||||||| constructed merge base
58994
Successfully changed project path to: D:/Unity projects/Platformer project
D:/Unity projects/Platformer project
=======
59415
Successfully changed project path to: D:/Projects/Tom-dev-team-platformer-project
D:/Projects/Tom-dev-team-platformer-project
>>>>>>> Stashed changes
Using Asset Import Pipeline V2.
<<<<<<< Updated upstream
Refreshing native plugins compatible for Editor in 56.79 ms, found 3 plugins.
||||||| constructed merge base
Refreshing native plugins compatible for Editor in 137.70 ms, found 3 plugins.
=======
Refreshing native plugins compatible for Editor in 66.27 ms, found 3 plugins.
>>>>>>> Stashed changes
Preloading 0 native plugins for Editor in 0.00 ms.
Initialize engine version: 2020.3.28f1 (f5400f52e03f)
<<<<<<< Updated upstream
[Subsystems] Discovering subsystems at path D:/unityHUB/2020.3.28f1/Editor/Data/Resources/UnitySubsystems
[Subsystems] Discovering subsystems at path D:/фугас/Tom-dev-team-platformer-project/Assets
||||||| constructed merge base
[Subsystems] Discovering subsystems at path D:/Programs/Unity Editor/2020.3.28f1/Editor/Data/Resources/UnitySubsystems
[Subsystems] Discovering subsystems at path D:/Unity projects/Platformer project/Assets
=======
[Subsystems] Discovering subsystems at path D:/Tools/UnityEditors/2020.3.28f1/Editor/Data/Resources/UnitySubsystems
[Subsystems] Discovering subsystems at path D:/Projects/Tom-dev-team-platformer-project/Assets
>>>>>>> Stashed changes
GfxDevice: creating device client; threaded=0
Direct3D:
<<<<<<< Updated upstream
    Version:  Direct3D 11.0 [level 11.0]
    Renderer: NVIDIA GeForce GT 740 (ID=0xfc8)
||||||| constructed merge base
    Version:  Direct3D 11.0 [level 11.0]
    Renderer: NVIDIA GeForce 940MX (ID=0x134d)
=======
    Version:  Direct3D 11.0 [level 11.1]
    Renderer: NVIDIA GeForce GTX 1050 (ID=0x1c8d)
>>>>>>> Stashed changes
    Vendor:   
<<<<<<< Updated upstream
    VRAM:     2007 MB
    Driver:   30.0.14.7168
||||||| constructed merge base
    VRAM:     2010 MB
    Driver:   30.0.15.1179
=======
    VRAM:     1977 MB
    Driver:   30.0.14.9709
>>>>>>> Stashed changes
Initialize mono
<<<<<<< Updated upstream
Mono path[0] = 'D:/unityHUB/2020.3.28f1/Editor/Data/Managed'
Mono path[1] = 'D:/unityHUB/2020.3.28f1/Editor/Data/MonoBleedingEdge/lib/mono/unityjit'
Mono config path = 'D:/unityHUB/2020.3.28f1/Editor/Data/MonoBleedingEdge/etc'
Using monoOptions --debugger-agent=transport=dt_socket,embedding=1,server=y,suspend=n,address=127.0.0.1:56264
||||||| constructed merge base
Mono path[0] = 'D:/Programs/Unity Editor/2020.3.28f1/Editor/Data/Managed'
Mono path[1] = 'D:/Programs/Unity Editor/2020.3.28f1/Editor/Data/MonoBleedingEdge/lib/mono/unityjit'
Mono config path = 'D:/Programs/Unity Editor/2020.3.28f1/Editor/Data/MonoBleedingEdge/etc'
Using monoOptions --debugger-agent=transport=dt_socket,embedding=1,server=y,suspend=n,address=127.0.0.1:56540
=======
Mono path[0] = 'D:/Tools/UnityEditors/2020.3.28f1/Editor/Data/Managed'
Mono path[1] = 'D:/Tools/UnityEditors/2020.3.28f1/Editor/Data/MonoBleedingEdge/lib/mono/unityjit'
Mono config path = 'D:/Tools/UnityEditors/2020.3.28f1/Editor/Data/MonoBleedingEdge/etc'
Using monoOptions --debugger-agent=transport=dt_socket,embedding=1,server=y,suspend=n,address=127.0.0.1:56140
>>>>>>> Stashed changes
Begin MonoManager ReloadAssembly
Registering precompiled unity dll's ...
<<<<<<< Updated upstream
Register platform support module: D:/unityHUB/2020.3.28f1/Editor/Data/PlaybackEngines/WindowsStandaloneSupport/UnityEditor.WindowsStandalone.Extensions.dll
Registered in 0.001127 seconds.
||||||| constructed merge base
Register platform support module: D:/Programs/Unity Editor/2020.3.28f1/Editor/Data/PlaybackEngines/WindowsStandaloneSupport/UnityEditor.WindowsStandalone.Extensions.dll
Registered in 0.002507 seconds.
=======
Register platform support module: D:/Tools/UnityEditors/2020.3.28f1/Editor/Data/PlaybackEngines/WebGLSupport/UnityEditor.WebGL.Extensions.dll
Register platform support module: D:/Tools/UnityEditors/2020.3.28f1/Editor/Data/PlaybackEngines/WindowsStandaloneSupport/UnityEditor.WindowsStandalone.Extensions.dll
Registered in 0.001628 seconds.
>>>>>>> Stashed changes
Native extension for WindowsStandalone target not found
<<<<<<< Updated upstream
Refreshing native plugins compatible for Editor in 64.72 ms, found 3 plugins.
||||||| constructed merge base
Refreshing native plugins compatible for Editor in 150.97 ms, found 3 plugins.
=======
Native extension for WebGL target not found
Refreshing native plugins compatible for Editor in 62.56 ms, found 3 plugins.
>>>>>>> Stashed changes
Preloading 0 native plugins for Editor in 0.00 ms.
Mono: successfully reloaded assembly
<<<<<<< Updated upstream
- Completed reload, in  0.729 seconds
||||||| constructed merge base
- Completed reload, in  1.772 seconds
=======
- Completed reload, in  0.788 seconds
>>>>>>> Stashed changes
Domain Reload Profiling:
<<<<<<< Updated upstream
	ReloadAssembly (729ms)
		BeginReloadAssembly (72ms)
||||||| constructed merge base
	ReloadAssembly (1773ms)
		BeginReloadAssembly (162ms)
=======
	ReloadAssembly (788ms)
		BeginReloadAssembly (136ms)
>>>>>>> Stashed changes
			ExecutionOrderSort (0ms)
			DisableScriptedObjects (0ms)
			BackupInstance (0ms)
			ReleaseScriptingObjects (0ms)
<<<<<<< Updated upstream
			CreateAndSetChildDomain (1ms)
		EndReloadAssembly (586ms)
			LoadAssemblies (71ms)
||||||| constructed merge base
			CreateAndSetChildDomain (2ms)
		EndReloadAssembly (1436ms)
			LoadAssemblies (159ms)
=======
			CreateAndSetChildDomain (2ms)
		EndReloadAssembly (571ms)
			LoadAssemblies (135ms)
>>>>>>> Stashed changes
			RebuildTransferFunctionScriptingTraits (0ms)
<<<<<<< Updated upstream
			SetupTypeCache (186ms)
||||||| constructed merge base
			SetupTypeCache (410ms)
=======
			SetupTypeCache (190ms)
>>>>>>> Stashed changes
			ReleaseScriptCaches (0ms)
<<<<<<< Updated upstream
			RebuildScriptCaches (44ms)
			SetupLoadedEditorAssemblies (234ms)
||||||| constructed merge base
			RebuildScriptCaches (70ms)
			SetupLoadedEditorAssemblies (688ms)
=======
			RebuildScriptCaches (39ms)
			SetupLoadedEditorAssemblies (222ms)
>>>>>>> Stashed changes
				LogAssemblyErrors (0ms)
<<<<<<< Updated upstream
				InitializePlatformSupportModulesInManaged (6ms)
||||||| constructed merge base
				InitializePlatformSupportModulesInManaged (10ms)
=======
				InitializePlatformSupportModulesInManaged (5ms)
>>>>>>> Stashed changes
				SetLoadedEditorAssemblies (0ms)
<<<<<<< Updated upstream
				RefreshPlugins (65ms)
				BeforeProcessingInitializeOnLoad (19ms)
				ProcessInitializeOnLoadAttributes (99ms)
				ProcessInitializeOnLoadMethodAttributes (45ms)
||||||| constructed merge base
				RefreshPlugins (152ms)
				BeforeProcessingInitializeOnLoad (38ms)
				ProcessInitializeOnLoadAttributes (285ms)
				ProcessInitializeOnLoadMethodAttributes (202ms)
=======
				RefreshPlugins (63ms)
				BeforeProcessingInitializeOnLoad (20ms)
				ProcessInitializeOnLoadAttributes (100ms)
				ProcessInitializeOnLoadMethodAttributes (34ms)
>>>>>>> Stashed changes
				AfterProcessingInitializeOnLoad (0ms)
				EditorAssembliesLoaded (0ms)
			ExecutionOrderSort2 (0ms)
			AwakeInstancesAfterBackupRestoration (0ms)
Platform modules already initialized, skipping
Registering precompiled user dll's ...
<<<<<<< Updated upstream
Registered in 0.004634 seconds.
||||||| constructed merge base
Registered in 0.035180 seconds.
=======
Registered in 0.005861 seconds.
>>>>>>> Stashed changes
Begin MonoManager ReloadAssembly
Native extension for WindowsStandalone target not found
<<<<<<< Updated upstream
Refreshing native plugins compatible for Editor in 59.52 ms, found 3 plugins.
||||||| constructed merge base
Refreshing native plugins compatible for Editor in 186.71 ms, found 3 plugins.
=======
Native extension for WebGL target not found
Refreshing native plugins compatible for Editor in 60.38 ms, found 3 plugins.
>>>>>>> Stashed changes
Preloading 0 native plugins for Editor in 0.00 ms.
Mono: successfully reloaded assembly
<<<<<<< Updated upstream
- Completed reload, in  1.373 seconds
||||||| constructed merge base
- Completed reload, in  3.408 seconds
=======
- Completed reload, in  1.442 seconds
>>>>>>> Stashed changes
Domain Reload Profiling:
<<<<<<< Updated upstream
	ReloadAssembly (1374ms)
		BeginReloadAssembly (185ms)
||||||| constructed merge base
	ReloadAssembly (3410ms)
		BeginReloadAssembly (373ms)
=======
	ReloadAssembly (1443ms)
		BeginReloadAssembly (203ms)
>>>>>>> Stashed changes
			ExecutionOrderSort (0ms)
			DisableScriptedObjects (6ms)
			BackupInstance (0ms)
			ReleaseScriptingObjects (0ms)
<<<<<<< Updated upstream
			CreateAndSetChildDomain (22ms)
		EndReloadAssembly (1122ms)
			LoadAssemblies (105ms)
||||||| constructed merge base
			CreateAndSetChildDomain (39ms)
		EndReloadAssembly (2896ms)
			LoadAssemblies (224ms)
=======
			CreateAndSetChildDomain (24ms)
		EndReloadAssembly (1173ms)
			LoadAssemblies (148ms)
>>>>>>> Stashed changes
			RebuildTransferFunctionScriptingTraits (0ms)
<<<<<<< Updated upstream
			SetupTypeCache (369ms)
||||||| constructed merge base
			SetupTypeCache (809ms)
=======
			SetupTypeCache (404ms)
>>>>>>> Stashed changes
			ReleaseScriptCaches (1ms)
<<<<<<< Updated upstream
			RebuildScriptCaches (76ms)
			SetupLoadedEditorAssemblies (424ms)
||||||| constructed merge base
			RebuildScriptCaches (136ms)
			SetupLoadedEditorAssemblies (1257ms)
=======
			RebuildScriptCaches (69ms)
			SetupLoadedEditorAssemblies (442ms)
>>>>>>> Stashed changes
				LogAssemblyErrors (0ms)
<<<<<<< Updated upstream
				InitializePlatformSupportModulesInManaged (4ms)
||||||| constructed merge base
				InitializePlatformSupportModulesInManaged (15ms)
=======
				InitializePlatformSupportModulesInManaged (6ms)
>>>>>>> Stashed changes
				SetLoadedEditorAssemblies (0ms)
<<<<<<< Updated upstream
				RefreshPlugins (60ms)
				BeforeProcessingInitializeOnLoad (89ms)
				ProcessInitializeOnLoadAttributes (246ms)
				ProcessInitializeOnLoadMethodAttributes (22ms)
				AfterProcessingInitializeOnLoad (3ms)
				EditorAssembliesLoaded (0ms)
||||||| constructed merge base
				RefreshPlugins (187ms)
				BeforeProcessingInitializeOnLoad (169ms)
				ProcessInitializeOnLoadAttributes (666ms)
				ProcessInitializeOnLoadMethodAttributes (210ms)
				AfterProcessingInitializeOnLoad (9ms)
				EditorAssembliesLoaded (1ms)
=======
				RefreshPlugins (60ms)
				BeforeProcessingInitializeOnLoad (95ms)
				ProcessInitializeOnLoadAttributes (255ms)
				ProcessInitializeOnLoadMethodAttributes (23ms)
				AfterProcessingInitializeOnLoad (3ms)
				EditorAssembliesLoaded (0ms)
>>>>>>> Stashed changes
			ExecutionOrderSort2 (0ms)
<<<<<<< Updated upstream
			AwakeInstancesAfterBackupRestoration (9ms)
||||||| constructed merge base
			AwakeInstancesAfterBackupRestoration (35ms)
=======
			AwakeInstancesAfterBackupRestoration (7ms)
>>>>>>> Stashed changes
Platform modules already initialized, skipping
========================================================================
Worker process is ready to serve import requests
<<<<<<< Updated upstream
Launched and connected shader compiler UnityShaderCompiler.exe after 0.09 seconds
Refreshing native plugins compatible for Editor in 0.50 ms, found 3 plugins.
||||||| constructed merge base
Launched and connected shader compiler UnityShaderCompiler.exe after 0.27 seconds
Refreshing native plugins compatible for Editor in 3.60 ms, found 3 plugins.
=======
Launched and connected shader compiler UnityShaderCompiler.exe after 0.11 seconds
Refreshing native plugins compatible for Editor in 0.88 ms, found 3 plugins.
>>>>>>> Stashed changes
Preloading 0 native plugins for Editor in 0.00 ms.
<<<<<<< Updated upstream
Unloading 2372 Unused Serialized files (Serialized files now loaded: 0)
System memory in use before: 116.8 MB.
System memory in use after: 117.0 MB.
||||||| constructed merge base
Unloading 2224 Unused Serialized files (Serialized files now loaded: 0)
System memory in use before: 98.8 MB.
System memory in use after: 98.9 MB.
=======
Unloading 2372 Unused Serialized files (Serialized files now loaded: 0)
System memory in use before: 103.9 MB.
System memory in use after: 104.0 MB.
>>>>>>> Stashed changes

<<<<<<< Updated upstream
Unloading 29 unused Assets to reduce memory usage. Loaded Objects now: 2822.
Total: 3.226200 ms (FindLiveObjects: 0.175900 ms CreateObjectMapping: 0.107300 ms MarkObjects: 2.832800 ms  DeleteObjects: 0.109200 ms)
||||||| constructed merge base
Unloading 28 unused Assets to reduce memory usage. Loaded Objects now: 2659.
Total: 12.489200 ms (FindLiveObjects: 0.533600 ms CreateObjectMapping: 0.911900 ms MarkObjects: 10.900400 ms  DeleteObjects: 0.141300 ms)
=======
Unloading 29 unused Assets to reduce memory usage. Loaded Objects now: 2806.
Total: 4.287200 ms (FindLiveObjects: 0.229500 ms CreateObjectMapping: 0.181800 ms MarkObjects: 3.765800 ms  DeleteObjects: 0.108500 ms)
>>>>>>> Stashed changes

AssetImportParameters requested are different than current active one (requested -> active):
  custom:framework-win-MediaFoundation: 216162199b28c13a410421893ffa2e32 -> 
  custom:video-decoder-ogg-theora: a1e56fd34408186e4bbccfd4996cb3dc -> 
  custom:container-muxer-webm: aa71ff27fc2769a1b78a27578f13a17b -> 
  custom:container-demuxer-webm: 4f35f7cbe854078d1ac9338744f61a02 -> 
  custom:container-demuxer-ogg: 62fdf1f143b41e24485cea50d1cbac27 -> 
  custom:video-encoder-webm-vp8: eb34c28f22e8b96e1ab97ce403110664 -> 
<<<<<<< Updated upstream
  custom:video-codec-MediaFoundation-h265: 746d11721c4dcdbdad8f713fa42b33f4 -> 
||||||| constructed merge base
  custom:video-codec-MediaFoundation-h265: e54d7ab0439102e2317fc1e4b246158d -> 
=======
>>>>>>> Stashed changes
  custom:video-decoder-webm-vp8: 9c59270c3fd7afecdb556c50c9e8de78 -> 
  custom:audio-decoder-ogg-vorbis: bf7c407c2cedff20999df2af8eb42d56 -> 
  custom:audio-encoder-webm-vorbis: bf7c407c2cedff20999df2af8eb42d56 -> 
========================================================================
Received Import Request.
<<<<<<< Updated upstream
  path: Assets/EnemyPrefab/patrul-wooman.prefab
  artifactKey: Guid(3f634f506f5faf74f934bcf0e41966c9) Importer(815301076,1909f56bfc062723c751e8b465ee728b)
Start importing Assets/EnemyPrefab/patrul-wooman.prefab using Guid(3f634f506f5faf74f934bcf0e41966c9) Importer(815301076,1909f56bfc062723c751e8b465ee728b)  -> (artifact id: '6728083696837b4f66452f12089a1db3') in 0.116439 seconds 
  Import took 0.120246 seconds .

========================================================================
Received Import Request.
  Time since last request: 67.076412 seconds.
  path: Assets/EnemyPrefab/patrul-wooman Variant.prefab
  artifactKey: Guid(9427e6cbf07de4f408fab0c227294cec) Importer(815301076,1909f56bfc062723c751e8b465ee728b)
Start importing Assets/EnemyPrefab/patrul-wooman Variant.prefab using Guid(9427e6cbf07de4f408fab0c227294cec) Importer(815301076,1909f56bfc062723c751e8b465ee728b)  -> (artifact id: '1b79b866ccd6108f1103508a8a910cc6') in 0.022782 seconds 
  Import took 0.035564 seconds .

========================================================================
Received Import Request.
  Time since last request: 20.967337 seconds.
  path: Assets/EnemyPrefab/ManEnemy Variant.prefab
  artifactKey: Guid(2e9cea7f1ac23dd4e82c56299864eca5) Importer(815301076,1909f56bfc062723c751e8b465ee728b)
Start importing Assets/EnemyPrefab/ManEnemy Variant.prefab using Guid(2e9cea7f1ac23dd4e82c56299864eca5) Importer(815301076,1909f56bfc062723c751e8b465ee728b)  -> (artifact id: 'd77c0d7aec7e2d5bdf2a305d7b7c2a3a') in 0.020783 seconds 
  Import took 0.059554 seconds .

========================================================================
Received Import Request.
  Time since last request: 56.324487 seconds.
  path: Assets/Hero Knight - Pixel Art/Animations/MainHero.controller
  artifactKey: Guid(b011225c90ddec34c9d81233a8eda875) Importer(815301076,1909f56bfc062723c751e8b465ee728b)
Start importing Assets/Hero Knight - Pixel Art/Animations/MainHero.controller using Guid(b011225c90ddec34c9d81233a8eda875) Importer(815301076,1909f56bfc062723c751e8b465ee728b)  -> (artifact id: '080fb47c54df1efc95a21c96626a37f5') in 0.013715 seconds 
  Import took 0.018087 seconds .

========================================================================
Received Import Request.
  Time since last request: 15.660689 seconds.
  path: Assets/Scripts/AttackArea.cs
  artifactKey: Guid(67efc9a6fd1dbf347ad7b46443e2ce64) Importer(815301076,1909f56bfc062723c751e8b465ee728b)
Start importing Assets/Scripts/AttackArea.cs using Guid(67efc9a6fd1dbf347ad7b46443e2ce64) Importer(815301076,1909f56bfc062723c751e8b465ee728b)  -> (artifact id: 'ac45bf51c4fe3fc496947614236dd8c4') in 0.014101 seconds 
  Import took 0.018829 seconds .

========================================================================
Received Import Request.
  Time since last request: 0.479807 seconds.
  path: Assets/Scripts/PlayerAttack.cs
  artifactKey: Guid(78377e70fae3faa46af92eba68e7c965) Importer(815301076,1909f56bfc062723c751e8b465ee728b)
Start importing Assets/Scripts/PlayerAttack.cs using Guid(78377e70fae3faa46af92eba68e7c965) Importer(815301076,1909f56bfc062723c751e8b465ee728b)  -> (artifact id: '58ed9139e2ad8ae5a28a8d9c0ed1745d') in 0.007814 seconds 
  Import took 0.012944 seconds .

========================================================================
Received Import Request.
  Time since last request: 210.846093 seconds.
  path: Assets/Scripts/PlayerAttack.cs
  artifactKey: Guid(78377e70fae3faa46af92eba68e7c965) Importer(815301076,1909f56bfc062723c751e8b465ee728b)
Start importing Assets/Scripts/PlayerAttack.cs using Guid(78377e70fae3faa46af92eba68e7c965) Importer(815301076,1909f56bfc062723c751e8b465ee728b)  -> (artifact id: '8a406dfa3398098cf536063eb8bd2ace') in 0.010961 seconds 
  Import took 0.026105 seconds .

========================================================================
Received Prepare
Registering precompiled user dll's ...
Registered in 0.004411 seconds.
Begin MonoManager ReloadAssembly
Native extension for WindowsStandalone target not found
Refreshing native plugins compatible for Editor in 0.55 ms, found 3 plugins.
Preloading 0 native plugins for Editor in 0.00 ms.
Mono: successfully reloaded assembly
- Completed reload, in  1.278 seconds
Domain Reload Profiling:
	ReloadAssembly (1279ms)
		BeginReloadAssembly (143ms)
			ExecutionOrderSort (0ms)
			DisableScriptedObjects (7ms)
			BackupInstance (0ms)
			ReleaseScriptingObjects (0ms)
			CreateAndSetChildDomain (47ms)
		EndReloadAssembly (1074ms)
			LoadAssemblies (123ms)
			RebuildTransferFunctionScriptingTraits (0ms)
			SetupTypeCache (356ms)
			ReleaseScriptCaches (1ms)
			RebuildScriptCaches (67ms)
			SetupLoadedEditorAssemblies (408ms)
				LogAssemblyErrors (0ms)
				InitializePlatformSupportModulesInManaged (6ms)
				SetLoadedEditorAssemblies (1ms)
				RefreshPlugins (1ms)
				BeforeProcessingInitializeOnLoad (111ms)
				ProcessInitializeOnLoadAttributes (273ms)
				ProcessInitializeOnLoadMethodAttributes (14ms)
				AfterProcessingInitializeOnLoad (2ms)
				EditorAssembliesLoaded (0ms)
			ExecutionOrderSort2 (0ms)
			AwakeInstancesAfterBackupRestoration (11ms)
Platform modules already initialized, skipping
Refreshing native plugins compatible for Editor in 0.65 ms, found 3 plugins.
Preloading 0 native plugins for Editor in 0.00 ms.
Unloading 2343 Unused Serialized files (Serialized files now loaded: 0)
System memory in use before: 117.6 MB.
System memory in use after: 117.8 MB.

Unloading 18 unused Assets to reduce memory usage. Loaded Objects now: 2831.
Total: 3.347400 ms (FindLiveObjects: 0.210500 ms CreateObjectMapping: 0.146300 ms MarkObjects: 2.958200 ms  DeleteObjects: 0.031200 ms)

AssetImportParameters requested are different than current active one (requested -> active):
  custom:framework-win-MediaFoundation: 216162199b28c13a410421893ffa2e32 -> 
  custom:video-decoder-ogg-theora: a1e56fd34408186e4bbccfd4996cb3dc -> 
  custom:container-muxer-webm: aa71ff27fc2769a1b78a27578f13a17b -> 
  custom:container-demuxer-webm: 4f35f7cbe854078d1ac9338744f61a02 -> 
  custom:container-demuxer-ogg: 62fdf1f143b41e24485cea50d1cbac27 -> 
  custom:video-encoder-webm-vp8: eb34c28f22e8b96e1ab97ce403110664 -> 
  custom:video-codec-MediaFoundation-h265: 746d11721c4dcdbdad8f713fa42b33f4 -> 
  custom:video-decoder-webm-vp8: 9c59270c3fd7afecdb556c50c9e8de78 -> 
  custom:audio-decoder-ogg-vorbis: bf7c407c2cedff20999df2af8eb42d56 -> 
  custom:audio-encoder-webm-vorbis: bf7c407c2cedff20999df2af8eb42d56 -> 
========================================================================
Received Prepare
Registering precompiled user dll's ...
Registered in 0.004528 seconds.
Begin MonoManager ReloadAssembly
Native extension for WindowsStandalone target not found
Refreshing native plugins compatible for Editor in 0.51 ms, found 3 plugins.
Preloading 0 native plugins for Editor in 0.00 ms.
Mono: successfully reloaded assembly
- Completed reload, in  1.194 seconds
Domain Reload Profiling:
	ReloadAssembly (1194ms)
		BeginReloadAssembly (129ms)
			ExecutionOrderSort (0ms)
			DisableScriptedObjects (8ms)
			BackupInstance (0ms)
			ReleaseScriptingObjects (2ms)
			CreateAndSetChildDomain (40ms)
		EndReloadAssembly (1008ms)
			LoadAssemblies (102ms)
			RebuildTransferFunctionScriptingTraits (0ms)
			SetupTypeCache (332ms)
			ReleaseScriptCaches (1ms)
			RebuildScriptCaches (63ms)
			SetupLoadedEditorAssemblies (403ms)
				LogAssemblyErrors (0ms)
				InitializePlatformSupportModulesInManaged (5ms)
				SetLoadedEditorAssemblies (1ms)
				RefreshPlugins (1ms)
				BeforeProcessingInitializeOnLoad (95ms)
				ProcessInitializeOnLoadAttributes (284ms)
				ProcessInitializeOnLoadMethodAttributes (15ms)
				AfterProcessingInitializeOnLoad (3ms)
				EditorAssembliesLoaded (0ms)
			ExecutionOrderSort2 (0ms)
			AwakeInstancesAfterBackupRestoration (12ms)
Platform modules already initialized, skipping
Refreshing native plugins compatible for Editor in 0.54 ms, found 3 plugins.
Preloading 0 native plugins for Editor in 0.00 ms.
Unloading 2343 Unused Serialized files (Serialized files now loaded: 0)
System memory in use before: 117.6 MB.
System memory in use after: 117.9 MB.

Unloading 18 unused Assets to reduce memory usage. Loaded Objects now: 2833.
Total: 3.904800 ms (FindLiveObjects: 0.191900 ms CreateObjectMapping: 0.140300 ms MarkObjects: 3.538300 ms  DeleteObjects: 0.033400 ms)
||||||| constructed merge base
  path: Assets/Prefabs/MainHero.prefab
  artifactKey: Guid(27868821db2dc2a46bd098bb6a5f9a26) Importer(815301076,1909f56bfc062723c751e8b465ee728b)
Start importing Assets/Prefabs/MainHero.prefab using Guid(27868821db2dc2a46bd098bb6a5f9a26) Importer(815301076,1909f56bfc062723c751e8b465ee728b)  -> (artifact id: 'ddb228914d1f2adfaa0668e0df3fd83a') in 0.578028 seconds 
  Import took 0.587313 seconds .

========================================================================
Received Prepare
Refreshing native plugins compatible for Editor in 6.32 ms, found 3 plugins.
Preloading 0 native plugins for Editor in 0.00 ms.
Unloading 15 Unused Serialized files (Serialized files now loaded: 0)
System memory in use before: 56.9 MB.
System memory in use after: 57.0 MB.

Unloading 15 unused Assets to reduce memory usage. Loaded Objects now: 2666.
Total: 5.827000 ms (FindLiveObjects: 0.231300 ms CreateObjectMapping: 0.152300 ms MarkObjects: 5.411800 ms  DeleteObjects: 0.030100 ms)
=======
  path: Assets/Scens/Level 1.unity
  artifactKey: Guid(7abe044d2ec87a340bc4694c8cf64f0c) Importer(815301076,1909f56bfc062723c751e8b465ee728b)
Start importing Assets/Scens/Level 1.unity using Guid(7abe044d2ec87a340bc4694c8cf64f0c) Importer(815301076,1909f56bfc062723c751e8b465ee728b)  -> (artifact id: 'fbb69e1b083831935dabb21a2d570287') in 0.028228 seconds 
  Import took 0.033618 seconds .
>>>>>>> Stashed changes

<<<<<<< Updated upstream
AssetImportParameters requested are different than current active one (requested -> active):
  custom:framework-win-MediaFoundation: 216162199b28c13a410421893ffa2e32 -> 
  custom:video-decoder-ogg-theora: a1e56fd34408186e4bbccfd4996cb3dc -> 
  custom:container-muxer-webm: aa71ff27fc2769a1b78a27578f13a17b -> 
  custom:container-demuxer-webm: 4f35f7cbe854078d1ac9338744f61a02 -> 
  custom:container-demuxer-ogg: 62fdf1f143b41e24485cea50d1cbac27 -> 
  custom:video-encoder-webm-vp8: eb34c28f22e8b96e1ab97ce403110664 -> 
  custom:video-codec-MediaFoundation-h265: 746d11721c4dcdbdad8f713fa42b33f4 -> 
  custom:video-decoder-webm-vp8: 9c59270c3fd7afecdb556c50c9e8de78 -> 
  custom:audio-decoder-ogg-vorbis: bf7c407c2cedff20999df2af8eb42d56 -> 
  custom:audio-encoder-webm-vorbis: bf7c407c2cedff20999df2af8eb42d56 -> 
||||||| constructed merge base
AssetImportParameters requested are different than current active one (requested -> active):
  custom:framework-win-MediaFoundation: 216162199b28c13a410421893ffa2e32 -> 
  custom:video-decoder-ogg-theora: a1e56fd34408186e4bbccfd4996cb3dc -> 
  custom:container-muxer-webm: aa71ff27fc2769a1b78a27578f13a17b -> 
  custom:container-demuxer-webm: 4f35f7cbe854078d1ac9338744f61a02 -> 
  custom:container-demuxer-ogg: 62fdf1f143b41e24485cea50d1cbac27 -> 
  custom:video-encoder-webm-vp8: eb34c28f22e8b96e1ab97ce403110664 -> 
  custom:video-codec-MediaFoundation-h265: e54d7ab0439102e2317fc1e4b246158d -> 
  custom:video-decoder-webm-vp8: 9c59270c3fd7afecdb556c50c9e8de78 -> 
  custom:audio-decoder-ogg-vorbis: bf7c407c2cedff20999df2af8eb42d56 -> 
  custom:audio-encoder-webm-vorbis: bf7c407c2cedff20999df2af8eb42d56 -> 
=======
>>>>>>> Stashed changes
========================================================================
<<<<<<< Updated upstream
Received Prepare
Registering precompiled user dll's ...
Registered in 0.004113 seconds.
Begin MonoManager ReloadAssembly
Native extension for WindowsStandalone target not found
Refreshing native plugins compatible for Editor in 0.57 ms, found 3 plugins.
Preloading 0 native plugins for Editor in 0.00 ms.
Mono: successfully reloaded assembly
- Completed reload, in  1.397 seconds
Domain Reload Profiling:
	ReloadAssembly (1398ms)
		BeginReloadAssembly (129ms)
			ExecutionOrderSort (0ms)
			DisableScriptedObjects (9ms)
			BackupInstance (0ms)
			ReleaseScriptingObjects (0ms)
			CreateAndSetChildDomain (39ms)
		EndReloadAssembly (1204ms)
			LoadAssemblies (129ms)
			RebuildTransferFunctionScriptingTraits (0ms)
			SetupTypeCache (393ms)
			ReleaseScriptCaches (2ms)
			RebuildScriptCaches (72ms)
			SetupLoadedEditorAssemblies (467ms)
				LogAssemblyErrors (0ms)
				InitializePlatformSupportModulesInManaged (6ms)
				SetLoadedEditorAssemblies (1ms)
				RefreshPlugins (1ms)
				BeforeProcessingInitializeOnLoad (123ms)
				ProcessInitializeOnLoadAttributes (320ms)
				ProcessInitializeOnLoadMethodAttributes (14ms)
				AfterProcessingInitializeOnLoad (2ms)
				EditorAssembliesLoaded (0ms)
			ExecutionOrderSort2 (0ms)
			AwakeInstancesAfterBackupRestoration (10ms)
Platform modules already initialized, skipping
Refreshing native plugins compatible for Editor in 1.31 ms, found 3 plugins.
Preloading 0 native plugins for Editor in 0.00 ms.
Unloading 2343 Unused Serialized files (Serialized files now loaded: 0)
System memory in use before: 117.7 MB.
System memory in use after: 117.9 MB.
||||||| constructed merge base
Received Import Request.
  Time since last request: 10.595855 seconds.
  path: Assets/Prefabs/MainHero.prefab
  artifactKey: Guid(27868821db2dc2a46bd098bb6a5f9a26) Importer(815301076,1909f56bfc062723c751e8b465ee728b)
Start importing Assets/Prefabs/MainHero.prefab using Guid(27868821db2dc2a46bd098bb6a5f9a26) Importer(815301076,1909f56bfc062723c751e8b465ee728b)  -> (artifact id: '21799be5947afd3fafc20e0178be0967') in 0.098545 seconds 
  Import took 0.114826 seconds .
=======
Received Import Request.
  Time since last request: 3.131298 seconds.
  path: Assets/Scens/Animation.unity
  artifactKey: Guid(113fcab4a915a6e47b860c28aba28ad7) Importer(815301076,1909f56bfc062723c751e8b465ee728b)
Start importing Assets/Scens/Animation.unity using Guid(113fcab4a915a6e47b860c28aba28ad7) Importer(815301076,1909f56bfc062723c751e8b465ee728b)  -> (artifact id: '2312600882e1fca67ab8056038f180a5') in 0.015017 seconds 
  Import took 0.056764 seconds .
>>>>>>> Stashed changes

Unloading 18 unused Assets to reduce memory usage. Loaded Objects now: 2835.
Total: 2.966900 ms (FindLiveObjects: 0.185100 ms CreateObjectMapping: 0.121000 ms MarkObjects: 2.637800 ms  DeleteObjects: 0.022100 ms)

AssetImportParameters requested are different than current active one (requested -> active):
  custom:framework-win-MediaFoundation: 216162199b28c13a410421893ffa2e32 -> 
  custom:video-decoder-ogg-theora: a1e56fd34408186e4bbccfd4996cb3dc -> 
  custom:container-muxer-webm: aa71ff27fc2769a1b78a27578f13a17b -> 
  custom:container-demuxer-webm: 4f35f7cbe854078d1ac9338744f61a02 -> 
  custom:container-demuxer-ogg: 62fdf1f143b41e24485cea50d1cbac27 -> 
  custom:video-encoder-webm-vp8: eb34c28f22e8b96e1ab97ce403110664 -> 
  custom:video-codec-MediaFoundation-h265: 746d11721c4dcdbdad8f713fa42b33f4 -> 
  custom:video-decoder-webm-vp8: 9c59270c3fd7afecdb556c50c9e8de78 -> 
  custom:audio-decoder-ogg-vorbis: bf7c407c2cedff20999df2af8eb42d56 -> 
  custom:audio-encoder-webm-vorbis: bf7c407c2cedff20999df2af8eb42d56 -> 
========================================================================
Received Prepare
Registering precompiled user dll's ...
<<<<<<< Updated upstream
Registered in 0.004797 seconds.
||||||| constructed merge base
Registered in 0.007585 seconds.
=======
Registered in 0.009274 seconds.
>>>>>>> Stashed changes
Begin MonoManager ReloadAssembly
Native extension for WindowsStandalone target not found
<<<<<<< Updated upstream
Refreshing native plugins compatible for Editor in 0.55 ms, found 3 plugins.
Preloading 0 native plugins for Editor in 0.00 ms.
Mono: successfully reloaded assembly
- Completed reload, in  1.225 seconds
Domain Reload Profiling:
	ReloadAssembly (1226ms)
		BeginReloadAssembly (132ms)
			ExecutionOrderSort (0ms)
			DisableScriptedObjects (8ms)
			BackupInstance (0ms)
			ReleaseScriptingObjects (0ms)
			CreateAndSetChildDomain (40ms)
		EndReloadAssembly (1020ms)
			LoadAssemblies (117ms)
			RebuildTransferFunctionScriptingTraits (0ms)
			SetupTypeCache (350ms)
			ReleaseScriptCaches (1ms)
			RebuildScriptCaches (61ms)
			SetupLoadedEditorAssemblies (394ms)
				LogAssemblyErrors (0ms)
				InitializePlatformSupportModulesInManaged (5ms)
				SetLoadedEditorAssemblies (1ms)
				RefreshPlugins (1ms)
				BeforeProcessingInitializeOnLoad (100ms)
				ProcessInitializeOnLoadAttributes (270ms)
				ProcessInitializeOnLoadMethodAttributes (14ms)
				AfterProcessingInitializeOnLoad (2ms)
				EditorAssembliesLoaded (0ms)
			ExecutionOrderSort2 (0ms)
			AwakeInstancesAfterBackupRestoration (10ms)
Platform modules already initialized, skipping
Refreshing native plugins compatible for Editor in 0.73 ms, found 3 plugins.
||||||| constructed merge base
Refreshing native plugins compatible for Editor in 1.10 ms, found 3 plugins.
=======
Native extension for WebGL target not found
Refreshing native plugins compatible for Editor in 0.61 ms, found 3 plugins.
>>>>>>> Stashed changes
Preloading 0 native plugins for Editor in 0.00 ms.
<<<<<<< Updated upstream
Unloading 2343 Unused Serialized files (Serialized files now loaded: 0)
System memory in use before: 117.7 MB.
System memory in use after: 117.9 MB.

Unloading 18 unused Assets to reduce memory usage. Loaded Objects now: 2837.
Total: 3.309500 ms (FindLiveObjects: 0.358900 ms CreateObjectMapping: 0.155900 ms MarkObjects: 2.736100 ms  DeleteObjects: 0.045100 ms)

AssetImportParameters requested are different than current active one (requested -> active):
  custom:framework-win-MediaFoundation: 216162199b28c13a410421893ffa2e32 -> 
  custom:video-decoder-ogg-theora: a1e56fd34408186e4bbccfd4996cb3dc -> 
  custom:container-muxer-webm: aa71ff27fc2769a1b78a27578f13a17b -> 
  custom:container-demuxer-webm: 4f35f7cbe854078d1ac9338744f61a02 -> 
  custom:container-demuxer-ogg: 62fdf1f143b41e24485cea50d1cbac27 -> 
  custom:video-encoder-webm-vp8: eb34c28f22e8b96e1ab97ce403110664 -> 
  custom:video-codec-MediaFoundation-h265: 746d11721c4dcdbdad8f713fa42b33f4 -> 
  custom:video-decoder-webm-vp8: 9c59270c3fd7afecdb556c50c9e8de78 -> 
  custom:audio-decoder-ogg-vorbis: bf7c407c2cedff20999df2af8eb42d56 -> 
  custom:audio-encoder-webm-vorbis: bf7c407c2cedff20999df2af8eb42d56 -> 
========================================================================
Received Prepare
Registering precompiled user dll's ...
Registered in 0.004041 seconds.
Begin MonoManager ReloadAssembly
Native extension for WindowsStandalone target not found
Refreshing native plugins compatible for Editor in 0.64 ms, found 3 plugins.
Preloading 0 native plugins for Editor in 0.00 ms.
||||||| constructed merge base
Invalid AssetDatabase path: /Editor/EditorResources/cm_logo_sm.png. Use path relative to the project folder.
UnityEngine.StackTraceUtility:ExtractStackTrace ()
UnityEditor.AssetDatabase:LoadAssetAtPath<UnityEngine.Texture2D> (string)
Cinemachine.Editor.CinemachineSettings:get_CinemachineLogoTexture () (at Library/PackageCache/com.unity.cinemachine@2.6.11/Editor/Windows/CinemachineSettings.cs:205)
Cinemachine.Editor.CinemachineSettings:.cctor () (at Library/PackageCache/com.unity.cinemachine@2.6.11/Editor/Windows/CinemachineSettings.cs:237)
Cinemachine.CinemachineColliderPrefs:.cctor () (at Library/PackageCache/com.unity.cinemachine@2.6.11/Editor/Windows/CinemachineColliderPrefs.cs:61)
System.Runtime.CompilerServices.RuntimeHelpers:RunClassConstructor (System.RuntimeTypeHandle)
UnityEditor.EditorAssemblies:ProcessInitializeOnLoadAttributes (System.Type[])

[Library/PackageCache/com.unity.cinemachine@2.6.11/Editor/Windows/CinemachineSettings.cs line 205]

=======
>>>>>>> Stashed changes
Mono: successfully reloaded assembly
<<<<<<< Updated upstream
- Completed reload, in  1.361 seconds
||||||| constructed merge base
- Completed reload, in  2.816 seconds
=======
- Completed reload, in  1.875 seconds
>>>>>>> Stashed changes
Domain Reload Profiling:
<<<<<<< Updated upstream
	ReloadAssembly (1362ms)
		BeginReloadAssembly (242ms)
||||||| constructed merge base
	ReloadAssembly (2817ms)
		BeginReloadAssembly (264ms)
=======
	ReloadAssembly (1876ms)
		BeginReloadAssembly (173ms)
>>>>>>> Stashed changes
			ExecutionOrderSort (0ms)
<<<<<<< Updated upstream
			DisableScriptedObjects (14ms)
||||||| constructed merge base
			DisableScriptedObjects (12ms)
=======
			DisableScriptedObjects (9ms)
>>>>>>> Stashed changes
			BackupInstance (0ms)
			ReleaseScriptingObjects (0ms)
<<<<<<< Updated upstream
			CreateAndSetChildDomain (113ms)
		EndReloadAssembly (1038ms)
			LoadAssemblies (119ms)
||||||| constructed merge base
			CreateAndSetChildDomain (82ms)
		EndReloadAssembly (2407ms)
			LoadAssemblies (249ms)
=======
			CreateAndSetChildDomain (47ms)
		EndReloadAssembly (1630ms)
			LoadAssemblies (160ms)
>>>>>>> Stashed changes
			RebuildTransferFunctionScriptingTraits (0ms)
<<<<<<< Updated upstream
			SetupTypeCache (326ms)
			ReleaseScriptCaches (1ms)
			RebuildScriptCaches (72ms)
			SetupLoadedEditorAssemblies (406ms)
||||||| constructed merge base
			SetupTypeCache (821ms)
			ReleaseScriptCaches (2ms)
			RebuildScriptCaches (117ms)
			SetupLoadedEditorAssemblies (955ms)
=======
			SetupTypeCache (887ms)
			ReleaseScriptCaches (1ms)
			RebuildScriptCaches (69ms)
			SetupLoadedEditorAssemblies (402ms)
>>>>>>> Stashed changes
				LogAssemblyErrors (0ms)
<<<<<<< Updated upstream
				InitializePlatformSupportModulesInManaged (5ms)
||||||| constructed merge base
				InitializePlatformSupportModulesInManaged (9ms)
=======
				InitializePlatformSupportModulesInManaged (6ms)
>>>>>>> Stashed changes
				SetLoadedEditorAssemblies (1ms)
				RefreshPlugins (1ms)
<<<<<<< Updated upstream
				BeforeProcessingInitializeOnLoad (118ms)
				ProcessInitializeOnLoadAttributes (265ms)
				ProcessInitializeOnLoadMethodAttributes (14ms)
				AfterProcessingInitializeOnLoad (3ms)
				EditorAssembliesLoaded (0ms)
			ExecutionOrderSort2 (0ms)
			AwakeInstancesAfterBackupRestoration (10ms)
Platform modules already initialized, skipping
Refreshing native plugins compatible for Editor in 0.54 ms, found 3 plugins.
Preloading 0 native plugins for Editor in 0.00 ms.
Unloading 2343 Unused Serialized files (Serialized files now loaded: 0)
System memory in use before: 117.6 MB.
System memory in use after: 117.8 MB.

Unloading 18 unused Assets to reduce memory usage. Loaded Objects now: 2839.
Total: 2.997800 ms (FindLiveObjects: 0.193700 ms CreateObjectMapping: 0.121900 ms MarkObjects: 2.660600 ms  DeleteObjects: 0.020700 ms)

AssetImportParameters requested are different than current active one (requested -> active):
  custom:framework-win-MediaFoundation: 216162199b28c13a410421893ffa2e32 -> 
  custom:video-decoder-ogg-theora: a1e56fd34408186e4bbccfd4996cb3dc -> 
  custom:container-muxer-webm: aa71ff27fc2769a1b78a27578f13a17b -> 
  custom:container-demuxer-webm: 4f35f7cbe854078d1ac9338744f61a02 -> 
  custom:container-demuxer-ogg: 62fdf1f143b41e24485cea50d1cbac27 -> 
  custom:video-encoder-webm-vp8: eb34c28f22e8b96e1ab97ce403110664 -> 
  custom:video-codec-MediaFoundation-h265: 746d11721c4dcdbdad8f713fa42b33f4 -> 
  custom:video-decoder-webm-vp8: 9c59270c3fd7afecdb556c50c9e8de78 -> 
  custom:audio-decoder-ogg-vorbis: bf7c407c2cedff20999df2af8eb42d56 -> 
  custom:audio-encoder-webm-vorbis: bf7c407c2cedff20999df2af8eb42d56 -> 
========================================================================
Received Prepare
Registering precompiled user dll's ...
Registered in 0.004873 seconds.
Begin MonoManager ReloadAssembly
Native extension for WindowsStandalone target not found
Refreshing native plugins compatible for Editor in 0.58 ms, found 3 plugins.
Preloading 0 native plugins for Editor in 0.00 ms.
Mono: successfully reloaded assembly
- Completed reload, in  1.205 seconds
Domain Reload Profiling:
	ReloadAssembly (1205ms)
		BeginReloadAssembly (128ms)
			ExecutionOrderSort (0ms)
			DisableScriptedObjects (8ms)
			BackupInstance (0ms)
			ReleaseScriptingObjects (0ms)
			CreateAndSetChildDomain (39ms)
		EndReloadAssembly (1008ms)
			LoadAssemblies (117ms)
			RebuildTransferFunctionScriptingTraits (0ms)
			SetupTypeCache (338ms)
			ReleaseScriptCaches (1ms)
			RebuildScriptCaches (65ms)
			SetupLoadedEditorAssemblies (381ms)
				LogAssemblyErrors (0ms)
				InitializePlatformSupportModulesInManaged (5ms)
				SetLoadedEditorAssemblies (1ms)
				RefreshPlugins (1ms)
				BeforeProcessingInitializeOnLoad (96ms)
				ProcessInitializeOnLoadAttributes (263ms)
				ProcessInitializeOnLoadMethodAttributes (13ms)
				AfterProcessingInitializeOnLoad (2ms)
||||||| constructed merge base
				BeforeProcessingInitializeOnLoad (221ms)
				ProcessInitializeOnLoadAttributes (696ms)
				ProcessInitializeOnLoadMethodAttributes (22ms)
				AfterProcessingInitializeOnLoad (5ms)
=======
				BeforeProcessingInitializeOnLoad (99ms)
				ProcessInitializeOnLoadAttributes (277ms)
				ProcessInitializeOnLoadMethodAttributes (16ms)
				AfterProcessingInitializeOnLoad (3ms)
>>>>>>> Stashed changes
				EditorAssembliesLoaded (0ms)
			ExecutionOrderSort2 (0ms)
			AwakeInstancesAfterBackupRestoration (10ms)
Platform modules already initialized, skipping
<<<<<<< Updated upstream
Refreshing native plugins compatible for Editor in 0.54 ms, found 3 plugins.
||||||| constructed merge base
Refreshing native plugins compatible for Editor in 1.41 ms, found 3 plugins.
=======
Refreshing native plugins compatible for Editor in 0.63 ms, found 3 plugins.
>>>>>>> Stashed changes
Preloading 0 native plugins for Editor in 0.00 ms.
<<<<<<< Updated upstream
Unloading 2343 Unused Serialized files (Serialized files now loaded: 0)
System memory in use before: 117.7 MB.
System memory in use after: 117.9 MB.
||||||| constructed merge base
Unloading 2344 Unused Serialized files (Serialized files now loaded: 0)
System memory in use before: 104.9 MB.
System memory in use after: 105.1 MB.
=======
Unloading 2343 Unused Serialized files (Serialized files now loaded: 0)
System memory in use before: 101.6 MB.
System memory in use after: 101.8 MB.
>>>>>>> Stashed changes

<<<<<<< Updated upstream
Unloading 18 unused Assets to reduce memory usage. Loaded Objects now: 2841.
Total: 3.043400 ms (FindLiveObjects: 0.186800 ms CreateObjectMapping: 0.114400 ms MarkObjects: 2.718400 ms  DeleteObjects: 0.023000 ms)
||||||| constructed merge base
Unloading 18 unused Assets to reduce memory usage. Loaded Objects now: 2814.
Total: 5.782000 ms (FindLiveObjects: 0.469100 ms CreateObjectMapping: 0.356700 ms MarkObjects: 4.866700 ms  DeleteObjects: 0.087900 ms)
=======
Unloading 18 unused Assets to reduce memory usage. Loaded Objects now: 2808.
Total: 33.481800 ms (FindLiveObjects: 0.276700 ms CreateObjectMapping: 0.276800 ms MarkObjects: 32.886700 ms  DeleteObjects: 0.039700 ms)
>>>>>>> Stashed changes

AssetImportParameters requested are different than current active one (requested -> active):
  custom:framework-win-MediaFoundation: 216162199b28c13a410421893ffa2e32 -> 
  custom:video-decoder-ogg-theora: a1e56fd34408186e4bbccfd4996cb3dc -> 
  custom:container-muxer-webm: aa71ff27fc2769a1b78a27578f13a17b -> 
  custom:container-demuxer-webm: 4f35f7cbe854078d1ac9338744f61a02 -> 
  custom:container-demuxer-ogg: 62fdf1f143b41e24485cea50d1cbac27 -> 
  custom:video-encoder-webm-vp8: eb34c28f22e8b96e1ab97ce403110664 -> 
<<<<<<< Updated upstream
  custom:video-codec-MediaFoundation-h265: 746d11721c4dcdbdad8f713fa42b33f4 -> 
||||||| constructed merge base
  custom:video-codec-MediaFoundation-h265: e54d7ab0439102e2317fc1e4b246158d -> 
=======
>>>>>>> Stashed changes
  custom:video-decoder-webm-vp8: 9c59270c3fd7afecdb556c50c9e8de78 -> 
  custom:audio-decoder-ogg-vorbis: bf7c407c2cedff20999df2af8eb42d56 -> 
  custom:audio-encoder-webm-vorbis: bf7c407c2cedff20999df2af8eb42d56 -> 
========================================================================
<<<<<<< Updated upstream
Received Prepare
Registering precompiled user dll's ...
Registered in 0.004193 seconds.
Begin MonoManager ReloadAssembly
Native extension for WindowsStandalone target not found
Refreshing native plugins compatible for Editor in 0.54 ms, found 3 plugins.
Preloading 0 native plugins for Editor in 0.00 ms.
Mono: successfully reloaded assembly
- Completed reload, in  1.372 seconds
Domain Reload Profiling:
	ReloadAssembly (1372ms)
		BeginReloadAssembly (137ms)
			ExecutionOrderSort (0ms)
			DisableScriptedObjects (8ms)
			BackupInstance (0ms)
			ReleaseScriptingObjects (0ms)
			CreateAndSetChildDomain (42ms)
		EndReloadAssembly (1145ms)
			LoadAssemblies (126ms)
			RebuildTransferFunctionScriptingTraits (0ms)
			SetupTypeCache (375ms)
			ReleaseScriptCaches (2ms)
			RebuildScriptCaches (80ms)
			SetupLoadedEditorAssemblies (415ms)
				LogAssemblyErrors (0ms)
				InitializePlatformSupportModulesInManaged (5ms)
				SetLoadedEditorAssemblies (1ms)
				RefreshPlugins (1ms)
				BeforeProcessingInitializeOnLoad (95ms)
				ProcessInitializeOnLoadAttributes (297ms)
				ProcessInitializeOnLoadMethodAttributes (15ms)
				AfterProcessingInitializeOnLoad (2ms)
				EditorAssembliesLoaded (0ms)
			ExecutionOrderSort2 (0ms)
			AwakeInstancesAfterBackupRestoration (11ms)
Platform modules already initialized, skipping
Refreshing native plugins compatible for Editor in 0.53 ms, found 3 plugins.
Preloading 0 native plugins for Editor in 0.00 ms.
Unloading 2343 Unused Serialized files (Serialized files now loaded: 0)
System memory in use before: 117.7 MB.
System memory in use after: 117.9 MB.

Unloading 18 unused Assets to reduce memory usage. Loaded Objects now: 2843.
Total: 2.918400 ms (FindLiveObjects: 0.185000 ms CreateObjectMapping: 0.112600 ms MarkObjects: 2.597100 ms  DeleteObjects: 0.022400 ms)

AssetImportParameters requested are different than current active one (requested -> active):
  custom:framework-win-MediaFoundation: 216162199b28c13a410421893ffa2e32 -> 
  custom:video-decoder-ogg-theora: a1e56fd34408186e4bbccfd4996cb3dc -> 
  custom:container-muxer-webm: aa71ff27fc2769a1b78a27578f13a17b -> 
  custom:container-demuxer-webm: 4f35f7cbe854078d1ac9338744f61a02 -> 
  custom:container-demuxer-ogg: 62fdf1f143b41e24485cea50d1cbac27 -> 
  custom:video-encoder-webm-vp8: eb34c28f22e8b96e1ab97ce403110664 -> 
  custom:video-codec-MediaFoundation-h265: 746d11721c4dcdbdad8f713fa42b33f4 -> 
  custom:video-decoder-webm-vp8: 9c59270c3fd7afecdb556c50c9e8de78 -> 
  custom:audio-decoder-ogg-vorbis: bf7c407c2cedff20999df2af8eb42d56 -> 
  custom:audio-encoder-webm-vorbis: bf7c407c2cedff20999df2af8eb42d56 -> 
========================================================================
Received Prepare
Registering precompiled user dll's ...
Registered in 0.004072 seconds.
Begin MonoManager ReloadAssembly
Native extension for WindowsStandalone target not found
Refreshing native plugins compatible for Editor in 0.66 ms, found 3 plugins.
Preloading 0 native plugins for Editor in 0.00 ms.
Mono: successfully reloaded assembly
- Completed reload, in  1.279 seconds
Domain Reload Profiling:
	ReloadAssembly (1279ms)
		BeginReloadAssembly (124ms)
			ExecutionOrderSort (0ms)
			DisableScriptedObjects (8ms)
			BackupInstance (0ms)
			ReleaseScriptingObjects (0ms)
			CreateAndSetChildDomain (36ms)
		EndReloadAssembly (1079ms)
			LoadAssemblies (117ms)
			RebuildTransferFunctionScriptingTraits (0ms)
			SetupTypeCache (335ms)
			ReleaseScriptCaches (1ms)
			RebuildScriptCaches (68ms)
			SetupLoadedEditorAssemblies (416ms)
				LogAssemblyErrors (0ms)
				InitializePlatformSupportModulesInManaged (6ms)
				SetLoadedEditorAssemblies (1ms)
				RefreshPlugins (1ms)
				BeforeProcessingInitializeOnLoad (110ms)
				ProcessInitializeOnLoadAttributes (280ms)
				ProcessInitializeOnLoadMethodAttributes (14ms)
				AfterProcessingInitializeOnLoad (4ms)
				EditorAssembliesLoaded (0ms)
			ExecutionOrderSort2 (0ms)
			AwakeInstancesAfterBackupRestoration (10ms)
Platform modules already initialized, skipping
Refreshing native plugins compatible for Editor in 1.33 ms, found 3 plugins.
Preloading 0 native plugins for Editor in 0.00 ms.
Unloading 2343 Unused Serialized files (Serialized files now loaded: 0)
System memory in use before: 117.7 MB.
System memory in use after: 117.9 MB.

Unloading 18 unused Assets to reduce memory usage. Loaded Objects now: 2845.
Total: 3.230000 ms (FindLiveObjects: 0.222500 ms CreateObjectMapping: 0.194700 ms MarkObjects: 2.790200 ms  DeleteObjects: 0.021800 ms)

AssetImportParameters requested are different than current active one (requested -> active):
  custom:framework-win-MediaFoundation: 216162199b28c13a410421893ffa2e32 -> 
  custom:video-decoder-ogg-theora: a1e56fd34408186e4bbccfd4996cb3dc -> 
  custom:container-muxer-webm: aa71ff27fc2769a1b78a27578f13a17b -> 
  custom:container-demuxer-webm: 4f35f7cbe854078d1ac9338744f61a02 -> 
  custom:container-demuxer-ogg: 62fdf1f143b41e24485cea50d1cbac27 -> 
  custom:video-encoder-webm-vp8: eb34c28f22e8b96e1ab97ce403110664 -> 
  custom:video-codec-MediaFoundation-h265: 746d11721c4dcdbdad8f713fa42b33f4 -> 
  custom:video-decoder-webm-vp8: 9c59270c3fd7afecdb556c50c9e8de78 -> 
  custom:audio-decoder-ogg-vorbis: bf7c407c2cedff20999df2af8eb42d56 -> 
  custom:audio-encoder-webm-vorbis: bf7c407c2cedff20999df2af8eb42d56 -> 
========================================================================
Received Prepare
Registering precompiled user dll's ...
Registered in 0.004590 seconds.
Begin MonoManager ReloadAssembly
Native extension for WindowsStandalone target not found
Refreshing native plugins compatible for Editor in 0.55 ms, found 3 plugins.
Preloading 0 native plugins for Editor in 0.00 ms.
Mono: successfully reloaded assembly
- Completed reload, in  1.273 seconds
Domain Reload Profiling:
	ReloadAssembly (1273ms)
		BeginReloadAssembly (124ms)
			ExecutionOrderSort (0ms)
			DisableScriptedObjects (7ms)
			BackupInstance (0ms)
			ReleaseScriptingObjects (0ms)
			CreateAndSetChildDomain (39ms)
		EndReloadAssembly (1064ms)
			LoadAssemblies (108ms)
			RebuildTransferFunctionScriptingTraits (0ms)
			SetupTypeCache (349ms)
			ReleaseScriptCaches (1ms)
			RebuildScriptCaches (72ms)
			SetupLoadedEditorAssemblies (409ms)
				LogAssemblyErrors (0ms)
				InitializePlatformSupportModulesInManaged (6ms)
				SetLoadedEditorAssemblies (1ms)
				RefreshPlugins (1ms)
				BeforeProcessingInitializeOnLoad (106ms)
				ProcessInitializeOnLoadAttributes (275ms)
				ProcessInitializeOnLoadMethodAttributes (17ms)
				AfterProcessingInitializeOnLoad (3ms)
				EditorAssembliesLoaded (1ms)
			ExecutionOrderSort2 (0ms)
			AwakeInstancesAfterBackupRestoration (14ms)
Platform modules already initialized, skipping
Refreshing native plugins compatible for Editor in 0.63 ms, found 3 plugins.
Preloading 0 native plugins for Editor in 0.00 ms.
Unloading 2343 Unused Serialized files (Serialized files now loaded: 0)
System memory in use before: 117.7 MB.
System memory in use after: 117.9 MB.

Unloading 18 unused Assets to reduce memory usage. Loaded Objects now: 2847.
Total: 3.097300 ms (FindLiveObjects: 0.211900 ms CreateObjectMapping: 0.109700 ms MarkObjects: 2.715800 ms  DeleteObjects: 0.058900 ms)

AssetImportParameters requested are different than current active one (requested -> active):
  custom:framework-win-MediaFoundation: 216162199b28c13a410421893ffa2e32 -> 
  custom:video-decoder-ogg-theora: a1e56fd34408186e4bbccfd4996cb3dc -> 
  custom:container-muxer-webm: aa71ff27fc2769a1b78a27578f13a17b -> 
  custom:container-demuxer-webm: 4f35f7cbe854078d1ac9338744f61a02 -> 
  custom:container-demuxer-ogg: 62fdf1f143b41e24485cea50d1cbac27 -> 
  custom:video-encoder-webm-vp8: eb34c28f22e8b96e1ab97ce403110664 -> 
  custom:video-codec-MediaFoundation-h265: 746d11721c4dcdbdad8f713fa42b33f4 -> 
  custom:video-decoder-webm-vp8: 9c59270c3fd7afecdb556c50c9e8de78 -> 
  custom:audio-decoder-ogg-vorbis: bf7c407c2cedff20999df2af8eb42d56 -> 
  custom:audio-encoder-webm-vorbis: bf7c407c2cedff20999df2af8eb42d56 -> 
========================================================================
Received Prepare
Registering precompiled user dll's ...
Registered in 0.004507 seconds.
Begin MonoManager ReloadAssembly
Native extension for WindowsStandalone target not found
Refreshing native plugins compatible for Editor in 0.67 ms, found 3 plugins.
Preloading 0 native plugins for Editor in 0.00 ms.
Mono: successfully reloaded assembly
- Completed reload, in  1.469 seconds
Domain Reload Profiling:
	ReloadAssembly (1469ms)
		BeginReloadAssembly (129ms)
			ExecutionOrderSort (0ms)
			DisableScriptedObjects (8ms)
			BackupInstance (0ms)
			ReleaseScriptingObjects (0ms)
			CreateAndSetChildDomain (37ms)
		EndReloadAssembly (1276ms)
			LoadAssemblies (115ms)
			RebuildTransferFunctionScriptingTraits (0ms)
			SetupTypeCache (420ms)
			ReleaseScriptCaches (1ms)
			RebuildScriptCaches (74ms)
			SetupLoadedEditorAssemblies (523ms)
				LogAssemblyErrors (0ms)
				InitializePlatformSupportModulesInManaged (8ms)
				SetLoadedEditorAssemblies (1ms)
				RefreshPlugins (1ms)
				BeforeProcessingInitializeOnLoad (103ms)
				ProcessInitializeOnLoadAttributes (393ms)
				ProcessInitializeOnLoadMethodAttributes (15ms)
				AfterProcessingInitializeOnLoad (2ms)
				EditorAssembliesLoaded (0ms)
			ExecutionOrderSort2 (0ms)
			AwakeInstancesAfterBackupRestoration (13ms)
Platform modules already initialized, skipping
Refreshing native plugins compatible for Editor in 0.53 ms, found 3 plugins.
Preloading 0 native plugins for Editor in 0.00 ms.
Unloading 2343 Unused Serialized files (Serialized files now loaded: 0)
System memory in use before: 117.6 MB.
System memory in use after: 117.9 MB.
||||||| constructed merge base
Received Prepare
Registering precompiled user dll's ...
Registered in 0.018160 seconds.
Begin MonoManager ReloadAssembly
Native extension for WindowsStandalone target not found
Refreshing native plugins compatible for Editor in 1.47 ms, found 3 plugins.
Preloading 0 native plugins for Editor in 0.00 ms.
Mono: successfully reloaded assembly
- Completed reload, in 15.654 seconds
Domain Reload Profiling:
	ReloadAssembly (15655ms)
		BeginReloadAssembly (485ms)
			ExecutionOrderSort (0ms)
			DisableScriptedObjects (18ms)
			BackupInstance (0ms)
			ReleaseScriptingObjects (0ms)
			CreateAndSetChildDomain (118ms)
		EndReloadAssembly (14989ms)
			LoadAssemblies (425ms)
			RebuildTransferFunctionScriptingTraits (0ms)
			SetupTypeCache (9508ms)
			ReleaseScriptCaches (2ms)
			RebuildScriptCaches (755ms)
			SetupLoadedEditorAssemblies (3382ms)
				LogAssemblyErrors (0ms)
				InitializePlatformSupportModulesInManaged (28ms)
				SetLoadedEditorAssemblies (1ms)
				RefreshPlugins (2ms)
				BeforeProcessingInitializeOnLoad (553ms)
				ProcessInitializeOnLoadAttributes (2729ms)
				ProcessInitializeOnLoadMethodAttributes (38ms)
				AfterProcessingInitializeOnLoad (31ms)
				EditorAssembliesLoaded (1ms)
			ExecutionOrderSort2 (0ms)
			AwakeInstancesAfterBackupRestoration (64ms)
Platform modules already initialized, skipping
Refreshing native plugins compatible for Editor in 0.94 ms, found 3 plugins.
Preloading 0 native plugins for Editor in 0.00 ms.
Unloading 2345 Unused Serialized files (Serialized files now loaded: 0)
System memory in use before: 105.1 MB.
System memory in use after: 105.3 MB.
=======
Received Import Request.
  Time since last request: 4442.315750 seconds.
  path: Assets/EnemyPrefab/ManEnemy.prefab
  artifactKey: Guid(483b2284179be0645b54623963653399) Importer(815301076,1909f56bfc062723c751e8b465ee728b)
Start importing Assets/EnemyPrefab/ManEnemy.prefab using Guid(483b2284179be0645b54623963653399) Importer(815301076,1909f56bfc062723c751e8b465ee728b)  -> (artifact id: '9585e12b2ac3c03641cbd2365013894e') in 0.187291 seconds 
  Import took 0.193435 seconds .
>>>>>>> Stashed changes

<<<<<<< Updated upstream
Unloading 18 unused Assets to reduce memory usage. Loaded Objects now: 2849.
Total: 3.173000 ms (FindLiveObjects: 0.189700 ms CreateObjectMapping: 0.121300 ms MarkObjects: 2.834800 ms  DeleteObjects: 0.026200 ms)
||||||| constructed merge base
Unloading 19 unused Assets to reduce memory usage. Loaded Objects now: 2817.
Total: 14.978400 ms (FindLiveObjects: 0.258600 ms CreateObjectMapping: 0.161300 ms MarkObjects: 14.379900 ms  DeleteObjects: 0.176800 ms)
=======
========================================================================
Received Import Request.
  Time since last request: 0.000244 seconds.
  path: Assets/EnemyPrefab/patrul-wooman.prefab
  artifactKey: Guid(3f634f506f5faf74f934bcf0e41966c9) Importer(815301076,1909f56bfc062723c751e8b465ee728b)
Start importing Assets/EnemyPrefab/patrul-wooman.prefab using Guid(3f634f506f5faf74f934bcf0e41966c9) Importer(815301076,1909f56bfc062723c751e8b465ee728b)  -> (artifact id: '6728083696837b4f66452f12089a1db3') in 0.085070 seconds 
  Import took 0.089506 seconds .

========================================================================
Received Import Request.
  Time since last request: 0.866156 seconds.
  path: Assets/Fonts/AmericanText SDF.asset
  artifactKey: Guid(ff73c1330842bf641aa7bc3dd4527e89) Importer(815301076,1909f56bfc062723c751e8b465ee728b)
Start importing Assets/Fonts/AmericanText SDF.asset using Guid(ff73c1330842bf641aa7bc3dd4527e89) Importer(815301076,1909f56bfc062723c751e8b465ee728b)  -> (artifact id: 'adf275f7f489b51157fc156dde738707') in 0.340867 seconds 
  Import took 0.356564 seconds .

========================================================================
Received Import Request.
  Time since last request: 0.000340 seconds.
  path: Assets/Fonts/New Physics Material 2D.physicsMaterial2D
  artifactKey: Guid(62edb633a8897fd41a4d098b354e0f15) Importer(815301076,1909f56bfc062723c751e8b465ee728b)
Start importing Assets/Fonts/New Physics Material 2D.physicsMaterial2D using Guid(62edb633a8897fd41a4d098b354e0f15) Importer(815301076,1909f56bfc062723c751e8b465ee728b)  -> (artifact id: '7e76a298ef611ea25e85163c2cf4d3a9') in 0.020387 seconds 
  Import took 0.024670 seconds .

========================================================================
Received Import Request.
  Time since last request: 0.000344 seconds.
  path: Assets/Fonts/AmericanText.ttf
  artifactKey: Guid(d14dc81853433a94da4aec1fb119f2b2) Importer(815301076,1909f56bfc062723c751e8b465ee728b)
Start importing Assets/Fonts/AmericanText.ttf using Guid(d14dc81853433a94da4aec1fb119f2b2) Importer(815301076,1909f56bfc062723c751e8b465ee728b)  -> (artifact id: '2907cd3dc8c6de1a81ff38270a83ff71') in 0.034797 seconds 
  Import took 0.040881 seconds .

========================================================================
Received Import Request.
  Time since last request: 6.509537 seconds.
  path: Assets/Material/ManMaterial.mat
  artifactKey: Guid(34e2db92e575e10438d4b44769f3adfc) Importer(815301076,1909f56bfc062723c751e8b465ee728b)
Start importing Assets/Material/ManMaterial.mat using Guid(34e2db92e575e10438d4b44769f3adfc) Importer(815301076,1909f56bfc062723c751e8b465ee728b)  -> (artifact id: '250221cccb65ff403a9e469967689bb3') in 0.391618 seconds 
  Import took 0.395806 seconds .
>>>>>>> Stashed changes

<<<<<<< Updated upstream
AssetImportParameters requested are different than current active one (requested -> active):
  custom:framework-win-MediaFoundation: 216162199b28c13a410421893ffa2e32 -> 
  custom:video-decoder-ogg-theora: a1e56fd34408186e4bbccfd4996cb3dc -> 
  custom:container-muxer-webm: aa71ff27fc2769a1b78a27578f13a17b -> 
  custom:container-demuxer-webm: 4f35f7cbe854078d1ac9338744f61a02 -> 
  custom:container-demuxer-ogg: 62fdf1f143b41e24485cea50d1cbac27 -> 
  custom:video-encoder-webm-vp8: eb34c28f22e8b96e1ab97ce403110664 -> 
  custom:video-codec-MediaFoundation-h265: 746d11721c4dcdbdad8f713fa42b33f4 -> 
  custom:video-decoder-webm-vp8: 9c59270c3fd7afecdb556c50c9e8de78 -> 
  custom:audio-decoder-ogg-vorbis: bf7c407c2cedff20999df2af8eb42d56 -> 
  custom:audio-encoder-webm-vorbis: bf7c407c2cedff20999df2af8eb42d56 -> 
||||||| constructed merge base
AssetImportParameters requested are different than current active one (requested -> active):
  custom:framework-win-MediaFoundation: 216162199b28c13a410421893ffa2e32 -> 
  custom:video-decoder-ogg-theora: a1e56fd34408186e4bbccfd4996cb3dc -> 
  custom:container-muxer-webm: aa71ff27fc2769a1b78a27578f13a17b -> 
  custom:container-demuxer-webm: 4f35f7cbe854078d1ac9338744f61a02 -> 
  custom:container-demuxer-ogg: 62fdf1f143b41e24485cea50d1cbac27 -> 
  custom:video-encoder-webm-vp8: eb34c28f22e8b96e1ab97ce403110664 -> 
  custom:video-codec-MediaFoundation-h265: e54d7ab0439102e2317fc1e4b246158d -> 
  custom:video-decoder-webm-vp8: 9c59270c3fd7afecdb556c50c9e8de78 -> 
  custom:audio-decoder-ogg-vorbis: bf7c407c2cedff20999df2af8eb42d56 -> 
  custom:audio-encoder-webm-vorbis: bf7c407c2cedff20999df2af8eb42d56 -> 
=======
>>>>>>> Stashed changes
========================================================================
Received Prepare
Registering precompiled user dll's ...
<<<<<<< Updated upstream
Registered in 0.004019 seconds.
||||||| constructed merge base
Registered in 0.010353 seconds.
=======
Registered in 0.005401 seconds.
>>>>>>> Stashed changes
Begin MonoManager ReloadAssembly
Native extension for WindowsStandalone target not found
<<<<<<< Updated upstream
Refreshing native plugins compatible for Editor in 0.59 ms, found 3 plugins.
||||||| constructed merge base
Refreshing native plugins compatible for Editor in 1.65 ms, found 3 plugins.
=======
Native extension for WebGL target not found
Refreshing native plugins compatible for Editor in 0.64 ms, found 3 plugins.
>>>>>>> Stashed changes
Preloading 0 native plugins for Editor in 0.00 ms.
Mono: successfully reloaded assembly
<<<<<<< Updated upstream
- Completed reload, in  1.352 seconds
||||||| constructed merge base
- Completed reload, in  6.684 seconds
=======
- Completed reload, in  1.213 seconds
>>>>>>> Stashed changes
Domain Reload Profiling:
<<<<<<< Updated upstream
	ReloadAssembly (1353ms)
		BeginReloadAssembly (164ms)
||||||| constructed merge base
	ReloadAssembly (6685ms)
		BeginReloadAssembly (1232ms)
=======
	ReloadAssembly (1214ms)
		BeginReloadAssembly (151ms)
>>>>>>> Stashed changes
			ExecutionOrderSort (0ms)
<<<<<<< Updated upstream
			DisableScriptedObjects (10ms)
||||||| constructed merge base
			DisableScriptedObjects (25ms)
=======
			DisableScriptedObjects (6ms)
>>>>>>> Stashed changes
			BackupInstance (0ms)
			ReleaseScriptingObjects (0ms)
<<<<<<< Updated upstream
			CreateAndSetChildDomain (45ms)
		EndReloadAssembly (1126ms)
			LoadAssemblies (139ms)
||||||| constructed merge base
			CreateAndSetChildDomain (216ms)
		EndReloadAssembly (4973ms)
			LoadAssemblies (939ms)
=======
			CreateAndSetChildDomain (46ms)
		EndReloadAssembly (1002ms)
			LoadAssemblies (137ms)
>>>>>>> Stashed changes
			RebuildTransferFunctionScriptingTraits (0ms)
<<<<<<< Updated upstream
			SetupTypeCache (367ms)
			ReleaseScriptCaches (1ms)
			RebuildScriptCaches (71ms)
			SetupLoadedEditorAssemblies (432ms)
||||||| constructed merge base
			SetupTypeCache (1849ms)
			ReleaseScriptCaches (5ms)
			RebuildScriptCaches (475ms)
			SetupLoadedEditorAssemblies (1380ms)
=======
			SetupTypeCache (380ms)
			ReleaseScriptCaches (1ms)
			RebuildScriptCaches (51ms)
			SetupLoadedEditorAssemblies (352ms)
>>>>>>> Stashed changes
				LogAssemblyErrors (0ms)
<<<<<<< Updated upstream
				InitializePlatformSupportModulesInManaged (6ms)
				SetLoadedEditorAssemblies (1ms)
				RefreshPlugins (1ms)
				BeforeProcessingInitializeOnLoad (108ms)
				ProcessInitializeOnLoadAttributes (286ms)
				ProcessInitializeOnLoadMethodAttributes (25ms)
				AfterProcessingInitializeOnLoad (6ms)
||||||| constructed merge base
				InitializePlatformSupportModulesInManaged (18ms)
				SetLoadedEditorAssemblies (2ms)
				RefreshPlugins (2ms)
				BeforeProcessingInitializeOnLoad (440ms)
				ProcessInitializeOnLoadAttributes (863ms)
				ProcessInitializeOnLoadMethodAttributes (40ms)
				AfterProcessingInitializeOnLoad (15ms)
=======
				InitializePlatformSupportModulesInManaged (6ms)
				SetLoadedEditorAssemblies (1ms)
				RefreshPlugins (1ms)
				BeforeProcessingInitializeOnLoad (104ms)
				ProcessInitializeOnLoadAttributes (226ms)
				ProcessInitializeOnLoadMethodAttributes (12ms)
				AfterProcessingInitializeOnLoad (3ms)
>>>>>>> Stashed changes
				EditorAssembliesLoaded (0ms)
			ExecutionOrderSort2 (0ms)
			AwakeInstancesAfterBackupRestoration (10ms)
Platform modules already initialized, skipping
<<<<<<< Updated upstream
Refreshing native plugins compatible for Editor in 0.66 ms, found 3 plugins.
Preloading 0 native plugins for Editor in 0.00 ms.
Unloading 2343 Unused Serialized files (Serialized files now loaded: 0)
System memory in use before: 117.7 MB.
System memory in use after: 118.0 MB.

Unloading 18 unused Assets to reduce memory usage. Loaded Objects now: 2851.
Total: 23.417600 ms (FindLiveObjects: 0.250800 ms CreateObjectMapping: 0.201500 ms MarkObjects: 22.927100 ms  DeleteObjects: 0.037300 ms)

AssetImportParameters requested are different than current active one (requested -> active):
  custom:framework-win-MediaFoundation: 216162199b28c13a410421893ffa2e32 -> 
  custom:video-decoder-ogg-theora: a1e56fd34408186e4bbccfd4996cb3dc -> 
  custom:container-muxer-webm: aa71ff27fc2769a1b78a27578f13a17b -> 
  custom:container-demuxer-webm: 4f35f7cbe854078d1ac9338744f61a02 -> 
  custom:container-demuxer-ogg: 62fdf1f143b41e24485cea50d1cbac27 -> 
  custom:video-encoder-webm-vp8: eb34c28f22e8b96e1ab97ce403110664 -> 
  custom:video-codec-MediaFoundation-h265: 746d11721c4dcdbdad8f713fa42b33f4 -> 
  custom:video-decoder-webm-vp8: 9c59270c3fd7afecdb556c50c9e8de78 -> 
  custom:audio-decoder-ogg-vorbis: bf7c407c2cedff20999df2af8eb42d56 -> 
  custom:audio-encoder-webm-vorbis: bf7c407c2cedff20999df2af8eb42d56 -> 
========================================================================
Received Prepare
Registering precompiled user dll's ...
Registered in 0.005907 seconds.
Begin MonoManager ReloadAssembly
Native extension for WindowsStandalone target not found
Refreshing native plugins compatible for Editor in 0.59 ms, found 3 plugins.
Preloading 0 native plugins for Editor in 0.00 ms.
Mono: successfully reloaded assembly
- Completed reload, in  1.267 seconds
Domain Reload Profiling:
	ReloadAssembly (1267ms)
		BeginReloadAssembly (136ms)
			ExecutionOrderSort (0ms)
			DisableScriptedObjects (10ms)
			BackupInstance (0ms)
			ReleaseScriptingObjects (0ms)
			CreateAndSetChildDomain (40ms)
		EndReloadAssembly (1073ms)
			LoadAssemblies (109ms)
			RebuildTransferFunctionScriptingTraits (0ms)
			SetupTypeCache (376ms)
			ReleaseScriptCaches (1ms)
			RebuildScriptCaches (57ms)
			SetupLoadedEditorAssemblies (433ms)
				LogAssemblyErrors (0ms)
				InitializePlatformSupportModulesInManaged (5ms)
				SetLoadedEditorAssemblies (1ms)
				RefreshPlugins (1ms)
				BeforeProcessingInitializeOnLoad (107ms)
				ProcessInitializeOnLoadAttributes (301ms)
				ProcessInitializeOnLoadMethodAttributes (15ms)
				AfterProcessingInitializeOnLoad (3ms)
				EditorAssembliesLoaded (0ms)
			ExecutionOrderSort2 (0ms)
			AwakeInstancesAfterBackupRestoration (12ms)
Platform modules already initialized, skipping
Refreshing native plugins compatible for Editor in 0.64 ms, found 3 plugins.
||||||| constructed merge base
Refreshing native plugins compatible for Editor in 1.47 ms, found 3 plugins.
=======
Refreshing native plugins compatible for Editor in 0.59 ms, found 3 plugins.
>>>>>>> Stashed changes
Preloading 0 native plugins for Editor in 0.00 ms.
<<<<<<< Updated upstream
Unloading 2343 Unused Serialized files (Serialized files now loaded: 0)
System memory in use before: 117.7 MB.
System memory in use after: 118.0 MB.
||||||| constructed merge base
Unloading 2344 Unused Serialized files (Serialized files now loaded: 0)
System memory in use before: 105.1 MB.
System memory in use after: 105.3 MB.
=======
Unloading 2343 Unused Serialized files (Serialized files now loaded: 0)
System memory in use before: 105.0 MB.
System memory in use after: 105.2 MB.
>>>>>>> Stashed changes

<<<<<<< Updated upstream
Unloading 18 unused Assets to reduce memory usage. Loaded Objects now: 2853.
Total: 4.121700 ms (FindLiveObjects: 0.191000 ms CreateObjectMapping: 0.122700 ms MarkObjects: 3.783900 ms  DeleteObjects: 0.023000 ms)
||||||| constructed merge base
Unloading 19 unused Assets to reduce memory usage. Loaded Objects now: 2819.
Total: 9.479500 ms (FindLiveObjects: 0.432900 ms CreateObjectMapping: 1.515300 ms MarkObjects: 7.428000 ms  DeleteObjects: 0.101100 ms)
=======
Unloading 18 unused Assets to reduce memory usage. Loaded Objects now: 2854.
Total: 3.749800 ms (FindLiveObjects: 0.258000 ms CreateObjectMapping: 0.140900 ms MarkObjects: 3.313100 ms  DeleteObjects: 0.036600 ms)
>>>>>>> Stashed changes

AssetImportParameters requested are different than current active one (requested -> active):
  custom:framework-win-MediaFoundation: 216162199b28c13a410421893ffa2e32 -> 
  custom:video-decoder-ogg-theora: a1e56fd34408186e4bbccfd4996cb3dc -> 
  custom:container-muxer-webm: aa71ff27fc2769a1b78a27578f13a17b -> 
  custom:container-demuxer-webm: 4f35f7cbe854078d1ac9338744f61a02 -> 
  custom:container-demuxer-ogg: 62fdf1f143b41e24485cea50d1cbac27 -> 
  custom:video-encoder-webm-vp8: eb34c28f22e8b96e1ab97ce403110664 -> 
<<<<<<< Updated upstream
  custom:video-codec-MediaFoundation-h265: 746d11721c4dcdbdad8f713fa42b33f4 -> 
||||||| constructed merge base
  custom:video-codec-MediaFoundation-h265: e54d7ab0439102e2317fc1e4b246158d -> 
=======
>>>>>>> Stashed changes
  custom:video-decoder-webm-vp8: 9c59270c3fd7afecdb556c50c9e8de78 -> 
  custom:audio-decoder-ogg-vorbis: bf7c407c2cedff20999df2af8eb42d56 -> 
  custom:audio-encoder-webm-vorbis: bf7c407c2cedff20999df2af8eb42d56 -> 
========================================================================
Received Import Request.
  Time since last request: 1880.508961 seconds.
  path: Assets/Prefabs/MainHero Variant.prefab
  artifactKey: Guid(13d14caf5eac53547b0d9cf3d8612368) Importer(815301076,1909f56bfc062723c751e8b465ee728b)
Start importing Assets/Prefabs/MainHero Variant.prefab using Guid(13d14caf5eac53547b0d9cf3d8612368) Importer(815301076,1909f56bfc062723c751e8b465ee728b)  -> (artifact id: '66b897f8a32b04c7dfde3c3f342efa0c') in 0.132114 seconds 
  Import took 0.152972 seconds .

AssetImportWorkerClient::OnTransportError - code=2 error=End of file
